{"/Users/pauloisaque/programacao/zaptend/apps/api/src/app.module.ts": {"path":"/Users/pauloisaque/programacao/zaptend/apps/api/src/app.module.ts","statementMap":{"0":{"start":{"line":1,"column":0},"end":{"line":1,"column":86}},"1":{"start":{"line":2,"column":0},"end":{"line":2,"column":45}},"2":{"start":{"line":3,"column":0},"end":{"line":3,"column":40}},"3":{"start":{"line":4,"column":0},"end":{"line":4,"column":67}},"4":{"start":{"line":5,"column":0},"end":{"line":5,"column":43}},"5":{"start":{"line":6,"column":0},"end":{"line":6,"column":53}},"6":{"start":{"line":7,"column":0},"end":{"line":7,"column":87}},"7":{"start":{"line":8,"column":0},"end":{"line":8,"column":61}},"8":{"start":{"line":9,"column":0},"end":{"line":9,"column":56}},"9":{"start":{"line":10,"column":0},"end":{"line":10,"column":55}},"10":{"start":{"line":11,"column":0},"end":{"line":11,"column":87}},"11":{"start":{"line":12,"column":0},"end":{"line":12,"column":64}},"12":{"start":{"line":13,"column":0},"end":{"line":13,"column":67}},"13":{"start":{"line":42,"column":7},"end":{"line":48,"column":null}},"14":{"start":{"line":44,"column":4},"end":{"line":46,"column":null}},"15":{"start":{"line":42,"column":13},"end":{"line":42,"column":22}},"16":{"start":{"line":42,"column":13},"end":{"line":48,"column":null}},"17":{"start":{"line":20,"column":25},"end":{"line":22,"column":8}}},"fnMap":{"0":{"name":"(anonymous_1)","decl":{"start":{"line":43,"column":2},"end":{"line":43,"column":11}},"loc":{"start":{"line":43,"column":40},"end":{"line":47,"column":3}}},"1":{"name":"(anonymous_2)","decl":{"start":{"line":20,"column":18},"end":{"line":20,"column":21}},"loc":{"start":{"line":20,"column":25},"end":{"line":22,"column":8}}}},"branchMap":{"0":{"loc":{"start":{"line":21,"column":27},"end":{"line":21,"column":76}},"type":"binary-expr","locations":[{"start":{"line":21,"column":27},"end":{"line":21,"column":48}},{"start":{"line":21,"column":52},"end":{"line":21,"column":76}}]}},"s":{"0":0,"1":0,"2":0,"3":0,"4":0,"5":0,"6":0,"7":0,"8":0,"9":0,"10":0,"11":0,"12":0,"13":0,"14":0,"15":0,"16":0,"17":0},"f":{"0":0,"1":0},"b":{"0":[0,0]}}
,"/Users/pauloisaque/programacao/zaptend/apps/api/src/main.ts": {"path":"/Users/pauloisaque/programacao/zaptend/apps/api/src/main.ts","statementMap":{"0":{"start":{"line":1,"column":0},"end":{"line":1,"column":42}},"1":{"start":{"line":2,"column":0},"end":{"line":2,"column":55}},"2":{"start":{"line":3,"column":0},"end":{"line":3,"column":64}},"3":{"start":{"line":4,"column":0},"end":{"line":4,"column":40}},"4":{"start":{"line":7,"column":14},"end":{"line":7,"column":68}},"5":{"start":{"line":8,"column":17},"end":{"line":8,"column":40}},"6":{"start":{"line":10,"column":2},"end":{"line":19,"column":null}},"7":{"start":{"line":12,"column":6},"end":{"line":16,"column":7}},"8":{"start":{"line":13,"column":8},"end":{"line":13,"column":null}},"9":{"start":{"line":15,"column":8},"end":{"line":15,"column":null}},"10":{"start":{"line":21,"column":2},"end":{"line":28,"column":null}},"11":{"start":{"line":30,"column":17},"end":{"line":44,"column":12}},"12":{"start":{"line":46,"column":19},"end":{"line":46,"column":60}},"13":{"start":{"line":47,"column":2},"end":{"line":47,"column":null}},"14":{"start":{"line":49,"column":15},"end":{"line":49,"column":39}},"15":{"start":{"line":50,"column":2},"end":{"line":50,"column":null}},"16":{"start":{"line":51,"column":2},"end":{"line":51,"column":null}},"17":{"start":{"line":52,"column":2},"end":{"line":52,"column":null}},"18":{"start":{"line":55,"column":0},"end":{"line":55,"column":null}}},"fnMap":{"0":{"name":"bootstrap","decl":{"start":{"line":6,"column":15},"end":{"line":6,"column":24}},"loc":{"start":{"line":6,"column":24},"end":{"line":53,"column":1}}},"1":{"name":"(anonymous_1)","decl":{"start":{"line":11,"column":12},"end":{"line":11,"column":13}},"loc":{"start":{"line":11,"column":33},"end":{"line":17,"column":5}}}},"branchMap":{"0":{"loc":{"start":{"line":12,"column":6},"end":{"line":16,"column":7}},"type":"if","locations":[{"start":{"line":12,"column":6},"end":{"line":16,"column":7}},{"start":{"line":14,"column":13},"end":{"line":16,"column":7}}]},"1":{"loc":{"start":{"line":12,"column":10},"end":{"line":12,"column":97}},"type":"binary-expr","locations":[{"start":{"line":12,"column":10},"end":{"line":12,"column":17}},{"start":{"line":12,"column":21},"end":{"line":12,"column":55}},{"start":{"line":12,"column":59},"end":{"line":12,"column":97}}]},"2":{"loc":{"start":{"line":49,"column":15},"end":{"line":49,"column":39}},"type":"binary-expr","locations":[{"start":{"line":49,"column":15},"end":{"line":49,"column":31}},{"start":{"line":49,"column":35},"end":{"line":49,"column":39}}]}},"s":{"0":0,"1":0,"2":0,"3":0,"4":0,"5":0,"6":0,"7":0,"8":0,"9":0,"10":0,"11":0,"12":0,"13":0,"14":0,"15":0,"16":0,"17":0,"18":0},"f":{"0":0,"1":0},"b":{"0":[0,0],"1":[0,0,0],"2":[0,0]}}
,"/Users/pauloisaque/programacao/zaptend/apps/api/src/common/context/tenant.context.ts": {"path":"/Users/pauloisaque/programacao/zaptend/apps/api/src/common/context/tenant.context.ts","statementMap":{"0":{"start":{"line":1,"column":0},"end":{"line":1,"column":47}},"1":{"start":{"line":8,"column":13},"end":{"line":8,"column":null}},"2":{"start":{"line":12,"column":4},"end":{"line":12,"column":null}},"3":{"start":{"line":16,"column":4},"end":{"line":16,"column":null}},"4":{"start":{"line":20,"column":4},"end":{"line":20,"column":null}},"5":{"start":{"line":24,"column":15},"end":{"line":24,"column":49}},"6":{"start":{"line":25,"column":4},"end":{"line":25,"column":null}},"7":{"start":{"line":25,"column":13},"end":{"line":25,"column":null}},"8":{"start":{"line":26,"column":4},"end":{"line":26,"column":null}},"9":{"start":{"line":10,"column":0},"end":{"line":10,"column":13}}},"fnMap":{"0":{"name":"(anonymous_0)","decl":{"start":{"line":11,"column":2},"end":{"line":11,"column":8}},"loc":{"start":{"line":11,"column":12},"end":{"line":13,"column":3}}},"1":{"name":"(anonymous_1)","decl":{"start":{"line":15,"column":2},"end":{"line":15,"column":8}},"loc":{"start":{"line":15,"column":20},"end":{"line":17,"column":3}}},"2":{"name":"(anonymous_2)","decl":{"start":{"line":19,"column":2},"end":{"line":19,"column":8}},"loc":{"start":{"line":19,"column":22},"end":{"line":21,"column":3}}},"3":{"name":"(anonymous_3)","decl":{"start":{"line":23,"column":2},"end":{"line":23,"column":8}},"loc":{"start":{"line":23,"column":24},"end":{"line":27,"column":3}}}},"branchMap":{"0":{"loc":{"start":{"line":25,"column":4},"end":{"line":25,"column":null}},"type":"if","locations":[{"start":{"line":25,"column":4},"end":{"line":25,"column":null}}]}},"s":{"0":0,"1":0,"2":0,"3":0,"4":0,"5":0,"6":0,"7":0,"8":0,"9":0},"f":{"0":0,"1":0,"2":0,"3":0},"b":{"0":[0]}}
,"/Users/pauloisaque/programacao/zaptend/apps/api/src/common/decorators/current-user.decorator.ts": {"path":"/Users/pauloisaque/programacao/zaptend/apps/api/src/common/decorators/current-user.decorator.ts","statementMap":{"0":{"start":{"line":1,"column":0},"end":{"line":1,"column":71}},"1":{"start":{"line":4,"column":13},"end":{"line":9,"column":null}},"2":{"start":{"line":6,"column":20},"end":{"line":6,"column":51}},"3":{"start":{"line":7,"column":4},"end":{"line":7,"column":null}}},"fnMap":{"0":{"name":"(anonymous_0)","decl":{"start":{"line":5,"column":2},"end":{"line":5,"column":3}},"loc":{"start":{"line":5,"column":56},"end":{"line":8,"column":3}}}},"branchMap":{},"s":{"0":0,"1":0,"2":0,"3":0},"f":{"0":0},"b":{}}
,"/Users/pauloisaque/programacao/zaptend/apps/api/src/common/decorators/public.decorator.ts": {"path":"/Users/pauloisaque/programacao/zaptend/apps/api/src/common/decorators/public.decorator.ts","statementMap":{"0":{"start":{"line":1,"column":0},"end":{"line":1,"column":44}},"1":{"start":{"line":3,"column":13},"end":{"line":3,"column":null}},"2":{"start":{"line":4,"column":22},"end":{"line":4,"column":60}},"3":{"start":{"line":4,"column":28},"end":{"line":4,"column":60}},"4":{"start":{"line":4,"column":13},"end":{"line":4,"column":22}}},"fnMap":{"0":{"name":"(anonymous_0)","decl":{"start":{"line":4,"column":22},"end":{"line":4,"column":25}},"loc":{"start":{"line":4,"column":28},"end":{"line":4,"column":60}}}},"branchMap":{},"s":{"0":0,"1":0,"2":0,"3":0,"4":0},"f":{"0":0},"b":{}}
,"/Users/pauloisaque/programacao/zaptend/apps/api/src/common/decorators/roles.decorator.ts": {"path":"/Users/pauloisaque/programacao/zaptend/apps/api/src/common/decorators/roles.decorator.ts","statementMap":{"0":{"start":{"line":1,"column":0},"end":{"line":1,"column":44}},"1":{"start":{"line":4,"column":13},"end":{"line":4,"column":null}},"2":{"start":{"line":5,"column":21},"end":{"line":5,"column":76}},"3":{"start":{"line":5,"column":47},"end":{"line":5,"column":76}},"4":{"start":{"line":5,"column":13},"end":{"line":5,"column":21}}},"fnMap":{"0":{"name":"(anonymous_0)","decl":{"start":{"line":5,"column":21},"end":{"line":5,"column":22}},"loc":{"start":{"line":5,"column":47},"end":{"line":5,"column":76}}}},"branchMap":{},"s":{"0":0,"1":0,"2":0,"3":0,"4":0},"f":{"0":0},"b":{}}
,"/Users/pauloisaque/programacao/zaptend/apps/api/src/common/guards/roles.guard.ts": {"path":"/Users/pauloisaque/programacao/zaptend/apps/api/src/common/guards/roles.guard.ts","statementMap":{"0":{"start":{"line":1,"column":0},"end":{"line":1,"column":94}},"1":{"start":{"line":2,"column":0},"end":{"line":2,"column":40}},"2":{"start":{"line":3,"column":0},"end":{"line":3,"column":57}},"3":{"start":{"line":7,"column":7},"end":{"line":24,"column":null}},"4":{"start":{"line":8,"column":22},"end":{"line":8,"column":33}},"5":{"start":{"line":11,"column":26},"end":{"line":14,"column":6}},"6":{"start":{"line":16,"column":4},"end":{"line":16,"column":null}},"7":{"start":{"line":16,"column":32},"end":{"line":16,"column":null}},"8":{"start":{"line":18,"column":21},"end":{"line":18,"column":56}},"9":{"start":{"line":19,"column":4},"end":{"line":21,"column":5}},"10":{"start":{"line":20,"column":6},"end":{"line":20,"column":null}},"11":{"start":{"line":22,"column":4},"end":{"line":22,"column":null}},"12":{"start":{"line":7,"column":13},"end":{"line":7,"column":23}},"13":{"start":{"line":7,"column":13},"end":{"line":24,"column":null}}},"fnMap":{"0":{"name":"(anonymous_2)","decl":{"start":{"line":8,"column":2},"end":{"line":8,"column":22}},"loc":{"start":{"line":8,"column":42},"end":{"line":8,"column":46}}},"1":{"name":"(anonymous_3)","decl":{"start":{"line":10,"column":2},"end":{"line":10,"column":13}},"loc":{"start":{"line":10,"column":39},"end":{"line":23,"column":3}}}},"branchMap":{"0":{"loc":{"start":{"line":16,"column":4},"end":{"line":16,"column":null}},"type":"if","locations":[{"start":{"line":16,"column":4},"end":{"line":16,"column":null}}]},"1":{"loc":{"start":{"line":19,"column":4},"end":{"line":21,"column":5}},"type":"if","locations":[{"start":{"line":19,"column":4},"end":{"line":21,"column":5}}]}},"s":{"0":0,"1":0,"2":0,"3":0,"4":0,"5":0,"6":0,"7":0,"8":0,"9":0,"10":0,"11":0,"12":0,"13":0},"f":{"0":0,"1":0},"b":{"0":[0],"1":[0]}}
,"/Users/pauloisaque/programacao/zaptend/apps/api/src/common/kms/kms.module.ts": {"path":"/Users/pauloisaque/programacao/zaptend/apps/api/src/common/kms/kms.module.ts","statementMap":{"0":{"start":{"line":1,"column":0},"end":{"line":1,"column":39}},"1":{"start":{"line":2,"column":0},"end":{"line":2,"column":45}},"2":{"start":{"line":3,"column":0},"end":{"line":3,"column":42}},"3":{"start":{"line":10,"column":7},"end":{"line":10,"column":null}},"4":{"start":{"line":10,"column":13},"end":{"line":10,"column":22}},"5":{"start":{"line":10,"column":13},"end":{"line":10,"column":null}}},"fnMap":{},"branchMap":{},"s":{"0":0,"1":0,"2":0,"3":0,"4":0,"5":0},"f":{},"b":{}}
,"/Users/pauloisaque/programacao/zaptend/apps/api/src/common/kms/kms.service.ts": {"path":"/Users/pauloisaque/programacao/zaptend/apps/api/src/common/kms/kms.service.ts","statementMap":{"0":{"start":{"line":1,"column":0},"end":{"line":1,"column":81}},"1":{"start":{"line":2,"column":0},"end":{"line":2,"column":46}},"2":{"start":{"line":3,"column":0},"end":{"line":3,"column":null}},"3":{"start":{"line":10,"column":23},"end":{"line":55,"column":null}},"4":{"start":{"line":11,"column":28},"end":{"line":11,"column":55}},"5":{"start":{"line":15,"column":31},"end":{"line":15,"column":46}},"6":{"start":{"line":16,"column":4},"end":{"line":16,"column":null}},"7":{"start":{"line":17,"column":4},"end":{"line":19,"column":null}},"8":{"start":{"line":23,"column":4},"end":{"line":36,"column":5}},"9":{"start":{"line":24,"column":22},"end":{"line":27,"column":8}},"10":{"start":{"line":28,"column":33},"end":{"line":28,"column":64}},"11":{"start":{"line":29,"column":6},"end":{"line":31,"column":7}},"12":{"start":{"line":30,"column":8},"end":{"line":30,"column":null}},"13":{"start":{"line":32,"column":6},"end":{"line":32,"column":null}},"14":{"start":{"line":34,"column":6},"end":{"line":34,"column":null}},"15":{"start":{"line":35,"column":6},"end":{"line":35,"column":null}},"16":{"start":{"line":40,"column":4},"end":{"line":53,"column":5}},"17":{"start":{"line":41,"column":22},"end":{"line":44,"column":8}},"18":{"start":{"line":45,"column":28},"end":{"line":45,"column":59}},"19":{"start":{"line":46,"column":6},"end":{"line":48,"column":7}},"20":{"start":{"line":47,"column":8},"end":{"line":47,"column":null}},"21":{"start":{"line":49,"column":6},"end":{"line":49,"column":null}},"22":{"start":{"line":51,"column":6},"end":{"line":51,"column":null}},"23":{"start":{"line":52,"column":6},"end":{"line":52,"column":null}},"24":{"start":{"line":10,"column":13},"end":{"line":10,"column":23}},"25":{"start":{"line":10,"column":13},"end":{"line":55,"column":null}}},"fnMap":{"0":{"name":"(anonymous_2)","decl":{"start":{"line":15,"column":2},"end":{"line":15,"column":31}},"loc":{"start":{"line":15,"column":59},"end":{"line":20,"column":3}}},"1":{"name":"(anonymous_3)","decl":{"start":{"line":22,"column":2},"end":{"line":22,"column":7}},"loc":{"start":{"line":22,"column":33},"end":{"line":37,"column":3}}},"2":{"name":"(anonymous_4)","decl":{"start":{"line":39,"column":2},"end":{"line":39,"column":7}},"loc":{"start":{"line":39,"column":34},"end":{"line":54,"column":3}}}},"branchMap":{"0":{"loc":{"start":{"line":29,"column":6},"end":{"line":31,"column":7}},"type":"if","locations":[{"start":{"line":29,"column":6},"end":{"line":31,"column":7}}]},"1":{"loc":{"start":{"line":46,"column":6},"end":{"line":48,"column":7}},"type":"if","locations":[{"start":{"line":46,"column":6},"end":{"line":48,"column":7}}]}},"s":{"0":1,"1":1,"2":1,"3":1,"4":0,"5":0,"6":0,"7":0,"8":0,"9":0,"10":0,"11":0,"12":0,"13":0,"14":0,"15":0,"16":0,"17":0,"18":0,"19":0,"20":0,"21":0,"22":0,"23":0,"24":1,"25":1},"f":{"0":0,"1":0,"2":0},"b":{"0":[0],"1":[0]}}
,"/Users/pauloisaque/programacao/zaptend/apps/api/src/common/middleware/tenant-context.middleware.ts": {"path":"/Users/pauloisaque/programacao/zaptend/apps/api/src/common/middleware/tenant-context.middleware.ts","statementMap":{"0":{"start":{"line":1,"column":0},"end":{"line":1,"column":59}},"1":{"start":{"line":3,"column":0},"end":{"line":3,"column":57}},"2":{"start":{"line":5,"column":28},"end":{"line":5,"column":80}},"3":{"start":{"line":8,"column":2},"end":{"line":8,"column":null}},"4":{"start":{"line":8,"column":42},"end":{"line":8,"column":null}},"5":{"start":{"line":9,"column":2},"end":{"line":16,"column":3}},"6":{"start":{"line":10,"column":18},"end":{"line":10,"column":48}},"7":{"start":{"line":11,"column":4},"end":{"line":11,"column":null}},"8":{"start":{"line":11,"column":28},"end":{"line":11,"column":null}},"9":{"start":{"line":12,"column":20},"end":{"line":12,"column":83}},"10":{"start":{"line":13,"column":4},"end":{"line":13,"column":null}},"11":{"start":{"line":15,"column":4},"end":{"line":15,"column":null}},"12":{"start":{"line":20,"column":7},"end":{"line":44,"column":null}},"13":{"start":{"line":22,"column":62},"end":{"line":22,"column":64}},"14":{"start":{"line":25,"column":24},"end":{"line":25,"column":76}},"15":{"start":{"line":26,"column":4},"end":{"line":28,"column":5}},"16":{"start":{"line":27,"column":6},"end":{"line":27,"column":null}},"17":{"start":{"line":31,"column":4},"end":{"line":34,"column":5}},"18":{"start":{"line":32,"column":29},"end":{"line":32,"column":77}},"19":{"start":{"line":33,"column":6},"end":{"line":33,"column":null}},"20":{"start":{"line":33,"column":26},"end":{"line":33,"column":null}},"21":{"start":{"line":37,"column":22},"end":{"line":37,"column":49}},"22":{"start":{"line":38,"column":4},"end":{"line":40,"column":5}},"23":{"start":{"line":39,"column":6},"end":{"line":39,"column":null}},"24":{"start":{"line":42,"column":4},"end":{"line":42,"column":null}},"25":{"start":{"line":42,"column":35},"end":{"line":42,"column":41}},"26":{"start":{"line":20,"column":13},"end":{"line":20,"column":36}},"27":{"start":{"line":20,"column":13},"end":{"line":44,"column":null}}},"fnMap":{"0":{"name":"extractTenantIdFromJwt","decl":{"start":{"line":7,"column":9},"end":{"line":7,"column":31}},"loc":{"start":{"line":7,"column":62},"end":{"line":17,"column":1}}},"1":{"name":"(anonymous_2)","decl":{"start":{"line":21,"column":2},"end":{"line":21,"column":5}},"loc":{"start":{"line":21,"column":53},"end":{"line":43,"column":3}}},"2":{"name":"(anonymous_3)","decl":{"start":{"line":42,"column":29},"end":{"line":42,"column":32}},"loc":{"start":{"line":42,"column":35},"end":{"line":42,"column":41}}}},"branchMap":{"0":{"loc":{"start":{"line":8,"column":2},"end":{"line":8,"column":null}},"type":"if","locations":[{"start":{"line":8,"column":2},"end":{"line":8,"column":null}}]},"1":{"loc":{"start":{"line":11,"column":4},"end":{"line":11,"column":null}},"type":"if","locations":[{"start":{"line":11,"column":4},"end":{"line":11,"column":null}}]},"2":{"loc":{"start":{"line":13,"column":11},"end":{"line":13,"column":78}},"type":"cond-expr","locations":[{"start":{"line":13,"column":50},"end":{"line":13,"column":66}},{"start":{"line":13,"column":69},"end":{"line":13,"column":78}}]},"3":{"loc":{"start":{"line":26,"column":4},"end":{"line":28,"column":5}},"type":"if","locations":[{"start":{"line":26,"column":4},"end":{"line":28,"column":5}}]},"4":{"loc":{"start":{"line":31,"column":4},"end":{"line":34,"column":5}},"type":"if","locations":[{"start":{"line":31,"column":4},"end":{"line":34,"column":5}}]},"5":{"loc":{"start":{"line":33,"column":6},"end":{"line":33,"column":null}},"type":"if","locations":[{"start":{"line":33,"column":6},"end":{"line":33,"column":null}}]},"6":{"loc":{"start":{"line":38,"column":4},"end":{"line":40,"column":5}},"type":"if","locations":[{"start":{"line":38,"column":4},"end":{"line":40,"column":5}}]},"7":{"loc":{"start":{"line":38,"column":8},"end":{"line":38,"column":56}},"type":"binary-expr","locations":[{"start":{"line":38,"column":8},"end":{"line":38,"column":17}},{"start":{"line":38,"column":21},"end":{"line":38,"column":56}}]}},"s":{"0":0,"1":0,"2":0,"3":0,"4":0,"5":0,"6":0,"7":0,"8":0,"9":0,"10":0,"11":0,"12":0,"13":0,"14":0,"15":0,"16":0,"17":0,"18":0,"19":0,"20":0,"21":0,"22":0,"23":0,"24":0,"25":0,"26":0,"27":0},"f":{"0":0,"1":0,"2":0},"b":{"0":[0],"1":[0],"2":[0,0],"3":[0],"4":[0],"5":[0],"6":[0],"7":[0,0]}}
,"/Users/pauloisaque/programacao/zaptend/apps/api/src/modules/auth/auth.controller.ts": {"path":"/Users/pauloisaque/programacao/zaptend/apps/api/src/modules/auth/auth.controller.ts","statementMap":{"0":{"start":{"line":1,"column":0},"end":{"line":1,"column":77}},"1":{"start":{"line":2,"column":0},"end":{"line":2,"column":null}},"2":{"start":{"line":8,"column":0},"end":{"line":8,"column":44}},"3":{"start":{"line":9,"column":0},"end":{"line":9,"column":48}},"4":{"start":{"line":10,"column":0},"end":{"line":10,"column":42}},"5":{"start":{"line":11,"column":0},"end":{"line":11,"column":57}},"6":{"start":{"line":12,"column":0},"end":{"line":12,"column":81}},"7":{"start":{"line":13,"column":0},"end":{"line":13,"column":65}},"8":{"start":{"line":17,"column":7},"end":{"line":74,"column":null}},"9":{"start":{"line":18,"column":31},"end":{"line":18,"column":44}},"10":{"start":{"line":31,"column":4},"end":{"line":31,"column":null}},"11":{"start":{"line":45,"column":4},"end":{"line":45,"column":null}},"12":{"start":{"line":59,"column":4},"end":{"line":59,"column":null}},"13":{"start":{"line":72,"column":4},"end":{"line":72,"column":null}},"14":{"start":{"line":17,"column":13},"end":{"line":17,"column":27}},"15":{"start":{"line":30,"column":2},"end":{"line":32,"column":null}},"16":{"start":{"line":44,"column":2},"end":{"line":46,"column":null}},"17":{"start":{"line":58,"column":2},"end":{"line":60,"column":null}},"18":{"start":{"line":71,"column":8},"end":{"line":73,"column":null}},"19":{"start":{"line":17,"column":13},"end":{"line":74,"column":null}}},"fnMap":{"0":{"name":"(anonymous_4)","decl":{"start":{"line":18,"column":2},"end":{"line":18,"column":31}},"loc":{"start":{"line":18,"column":55},"end":{"line":18,"column":59}}},"1":{"name":"(anonymous_5)","decl":{"start":{"line":30,"column":2},"end":{"line":30,"column":10}},"loc":{"start":{"line":30,"column":35},"end":{"line":32,"column":3}}},"2":{"name":"(anonymous_6)","decl":{"start":{"line":44,"column":2},"end":{"line":44,"column":7}},"loc":{"start":{"line":44,"column":29},"end":{"line":46,"column":3}}},"3":{"name":"(anonymous_7)","decl":{"start":{"line":58,"column":2},"end":{"line":58,"column":9}},"loc":{"start":{"line":58,"column":38},"end":{"line":60,"column":3}}},"4":{"name":"(anonymous_8)","decl":{"start":{"line":71,"column":2},"end":{"line":71,"column":7}},"loc":{"start":{"line":71,"column":43},"end":{"line":73,"column":3}}}},"branchMap":{},"s":{"0":0,"1":0,"2":0,"3":0,"4":0,"5":0,"6":0,"7":0,"8":0,"9":0,"10":0,"11":0,"12":0,"13":0,"14":0,"15":0,"16":0,"17":0,"18":0,"19":0},"f":{"0":0,"1":0,"2":0,"3":0,"4":0},"b":{}}
,"/Users/pauloisaque/programacao/zaptend/apps/api/src/modules/auth/auth.module.ts": {"path":"/Users/pauloisaque/programacao/zaptend/apps/api/src/modules/auth/auth.module.ts","statementMap":{"0":{"start":{"line":1,"column":0},"end":{"line":1,"column":39}},"1":{"start":{"line":2,"column":0},"end":{"line":2,"column":39}},"2":{"start":{"line":3,"column":0},"end":{"line":3,"column":49}},"3":{"start":{"line":4,"column":0},"end":{"line":4,"column":60}},"4":{"start":{"line":5,"column":0},"end":{"line":5,"column":50}},"5":{"start":{"line":6,"column":0},"end":{"line":6,"column":44}},"6":{"start":{"line":7,"column":0},"end":{"line":7,"column":55}},"7":{"start":{"line":25,"column":7},"end":{"line":25,"column":null}},"8":{"start":{"line":25,"column":13},"end":{"line":25,"column":23}},"9":{"start":{"line":25,"column":13},"end":{"line":25,"column":null}},"10":{"start":{"line":15,"column":53},"end":{"line":18,"column":8}}},"fnMap":{"0":{"name":"(anonymous_1)","decl":{"start":{"line":15,"column":18},"end":{"line":15,"column":19}},"loc":{"start":{"line":15,"column":53},"end":{"line":18,"column":8}}}},"branchMap":{},"s":{"0":0,"1":0,"2":0,"3":0,"4":0,"5":0,"6":0,"7":0,"8":0,"9":0,"10":0},"f":{"0":0},"b":{}}
,"/Users/pauloisaque/programacao/zaptend/apps/api/src/modules/auth/dto/auth-response.dto.ts": {"path":"/Users/pauloisaque/programacao/zaptend/apps/api/src/modules/auth/dto/auth-response.dto.ts","statementMap":{"0":{"start":{"line":1,"column":0},"end":{"line":1,"column":45}},"1":{"start":{"line":3,"column":0},"end":{"line":3,"column":13}},"2":{"start":{"line":5,"column":2},"end":{"line":5,"column":null}},"3":{"start":{"line":8,"column":2},"end":{"line":8,"column":null}},"4":{"start":{"line":11,"column":2},"end":{"line":11,"column":null}},"5":{"start":{"line":14,"column":2},"end":{"line":14,"column":null}},"6":{"start":{"line":17,"column":2},"end":{"line":17,"column":null}},"7":{"start":{"line":20,"column":2},"end":{"line":20,"column":null}},"8":{"start":{"line":23,"column":0},"end":{"line":23,"column":13}},"9":{"start":{"line":25,"column":2},"end":{"line":25,"column":null}},"10":{"start":{"line":28,"column":2},"end":{"line":28,"column":null}},"11":{"start":{"line":31,"column":2},"end":{"line":31,"column":null}},"12":{"start":{"line":34,"column":0},"end":{"line":34,"column":13}},"13":{"start":{"line":36,"column":2},"end":{"line":36,"column":null}}},"fnMap":{},"branchMap":{},"s":{"0":0,"1":0,"2":0,"3":0,"4":0,"5":0,"6":0,"7":0,"8":0,"9":0,"10":0,"11":0,"12":0,"13":0},"f":{},"b":{}}
,"/Users/pauloisaque/programacao/zaptend/apps/api/src/modules/auth/dto/login.dto.ts": {"path":"/Users/pauloisaque/programacao/zaptend/apps/api/src/modules/auth/dto/login.dto.ts","statementMap":{"0":{"start":{"line":1,"column":0},"end":{"line":1,"column":63}},"1":{"start":{"line":2,"column":0},"end":{"line":2,"column":45}},"2":{"start":{"line":4,"column":0},"end":{"line":4,"column":13}},"3":{"start":{"line":8,"column":2},"end":{"line":8,"column":null}},"4":{"start":{"line":13,"column":2},"end":{"line":13,"column":null}},"5":{"start":{"line":18,"column":2},"end":{"line":18,"column":null}}},"fnMap":{},"branchMap":{},"s":{"0":0,"1":0,"2":0,"3":0,"4":0,"5":0},"f":{},"b":{}}
,"/Users/pauloisaque/programacao/zaptend/apps/api/src/modules/auth/dto/refresh-token.dto.ts": {"path":"/Users/pauloisaque/programacao/zaptend/apps/api/src/modules/auth/dto/refresh-token.dto.ts","statementMap":{"0":{"start":{"line":1,"column":0},"end":{"line":1,"column":54}},"1":{"start":{"line":2,"column":0},"end":{"line":2,"column":45}},"2":{"start":{"line":4,"column":0},"end":{"line":4,"column":13}},"3":{"start":{"line":8,"column":2},"end":{"line":8,"column":null}}},"fnMap":{},"branchMap":{},"s":{"0":0,"1":0,"2":0,"3":0},"f":{},"b":{}}
,"/Users/pauloisaque/programacao/zaptend/apps/api/src/modules/auth/dto/register.dto.ts": {"path":"/Users/pauloisaque/programacao/zaptend/apps/api/src/modules/auth/dto/register.dto.ts","statementMap":{"0":{"start":{"line":1,"column":0},"end":{"line":1,"column":94}},"1":{"start":{"line":2,"column":0},"end":{"line":2,"column":45}},"2":{"start":{"line":4,"column":0},"end":{"line":4,"column":13}},"3":{"start":{"line":9,"column":2},"end":{"line":9,"column":null}},"4":{"start":{"line":16,"column":2},"end":{"line":16,"column":null}},"5":{"start":{"line":22,"column":2},"end":{"line":22,"column":null}},"6":{"start":{"line":27,"column":2},"end":{"line":27,"column":null}},"7":{"start":{"line":33,"column":2},"end":{"line":33,"column":null}}},"fnMap":{},"branchMap":{},"s":{"0":0,"1":0,"2":0,"3":0,"4":0,"5":0,"6":0,"7":0},"f":{},"b":{}}
,"/Users/pauloisaque/programacao/zaptend/apps/api/src/modules/auth/strategies/jwt.strategy.ts": {"path":"/Users/pauloisaque/programacao/zaptend/apps/api/src/modules/auth/strategies/jwt.strategy.ts","statementMap":{"0":{"start":{"line":1,"column":0},"end":{"line":1,"column":66}},"1":{"start":{"line":2,"column":0},"end":{"line":2,"column":51}},"2":{"start":{"line":3,"column":0},"end":{"line":3,"column":51}},"3":{"start":{"line":4,"column":0},"end":{"line":4,"column":46}},"4":{"start":{"line":6,"column":0},"end":{"line":6,"column":62}},"5":{"start":{"line":9,"column":7},"end":{"line":33,"column":null}},"6":{"start":{"line":14,"column":4},"end":{"line":18,"column":null}},"7":{"start":{"line":12,"column":21},"end":{"line":12,"column":29}},"8":{"start":{"line":22,"column":17},"end":{"line":25,"column":6}},"9":{"start":{"line":27,"column":4},"end":{"line":29,"column":5}},"10":{"start":{"line":28,"column":6},"end":{"line":28,"column":null}},"11":{"start":{"line":31,"column":4},"end":{"line":31,"column":null}},"12":{"start":{"line":9,"column":13},"end":{"line":9,"column":24}},"13":{"start":{"line":9,"column":13},"end":{"line":33,"column":null}}},"fnMap":{"0":{"name":"(anonymous_2)","decl":{"start":{"line":10,"column":2},"end":{"line":10,"column":null}},"loc":{"start":{"line":12,"column":42},"end":{"line":19,"column":3}}},"1":{"name":"(anonymous_3)","decl":{"start":{"line":21,"column":2},"end":{"line":21,"column":7}},"loc":{"start":{"line":21,"column":36},"end":{"line":32,"column":3}}}},"branchMap":{"0":{"loc":{"start":{"line":27,"column":4},"end":{"line":29,"column":5}},"type":"if","locations":[{"start":{"line":27,"column":4},"end":{"line":29,"column":5}}]}},"s":{"0":0,"1":0,"2":0,"3":0,"4":0,"5":0,"6":0,"7":0,"8":0,"9":0,"10":0,"11":0,"12":0,"13":0},"f":{"0":0,"1":0},"b":{"0":[0]}}
,"/Users/pauloisaque/programacao/zaptend/apps/api/src/modules/webhook/webhook.controller.ts": {"path":"/Users/pauloisaque/programacao/zaptend/apps/api/src/modules/webhook/webhook.controller.ts","statementMap":{"0":{"start":{"line":1,"column":0},"end":{"line":1,"column":null}},"1":{"start":{"line":15,"column":0},"end":{"line":15,"column":null}},"2":{"start":{"line":23,"column":0},"end":{"line":23,"column":48}},"3":{"start":{"line":26,"column":0},"end":{"line":26,"column":50}},"4":{"start":{"line":27,"column":0},"end":{"line":27,"column":62}},"5":{"start":{"line":28,"column":0},"end":{"line":28,"column":64}},"6":{"start":{"line":29,"column":0},"end":{"line":29,"column":65}},"7":{"start":{"line":35,"column":7},"end":{"line":98,"column":null}},"8":{"start":{"line":36,"column":31},"end":{"line":36,"column":47}},"9":{"start":{"line":60,"column":4},"end":{"line":65,"column":null}},"10":{"start":{"line":94,"column":4},"end":{"line":94,"column":null}},"11":{"start":{"line":95,"column":4},"end":{"line":95,"column":null}},"12":{"start":{"line":96,"column":4},"end":{"line":96,"column":null}},"13":{"start":{"line":35,"column":13},"end":{"line":35,"column":30}},"14":{"start":{"line":56,"column":8},"end":{"line":66,"column":null}},"15":{"start":{"line":88,"column":8},"end":{"line":97,"column":null}},"16":{"start":{"line":35,"column":13},"end":{"line":98,"column":null}}},"fnMap":{"0":{"name":"(anonymous_4)","decl":{"start":{"line":36,"column":2},"end":{"line":36,"column":31}},"loc":{"start":{"line":36,"column":61},"end":{"line":36,"column":65}}},"1":{"name":"(anonymous_5)","decl":{"start":{"line":56,"column":2},"end":{"line":56,"column":7}},"loc":{"start":{"line":58,"column":41},"end":{"line":66,"column":3}}},"2":{"name":"(anonymous_6)","decl":{"start":{"line":88,"column":2},"end":{"line":88,"column":7}},"loc":{"start":{"line":92,"column":39},"end":{"line":97,"column":3}}}},"branchMap":{"0":{"loc":{"start":{"line":94,"column":40},"end":{"line":94,"column":70}},"type":"binary-expr","locations":[{"start":{"line":94,"column":40},"end":{"line":94,"column":51}},{"start":{"line":94,"column":55},"end":{"line":94,"column":70}}]}},"s":{"0":0,"1":0,"2":0,"3":0,"4":0,"5":0,"6":0,"7":0,"8":0,"9":0,"10":0,"11":0,"12":0,"13":0,"14":0,"15":0,"16":0},"f":{"0":0,"1":0,"2":0},"b":{"0":[0,0]}}
,"/Users/pauloisaque/programacao/zaptend/apps/api/src/modules/webhook/webhook.module.ts": {"path":"/Users/pauloisaque/programacao/zaptend/apps/api/src/modules/webhook/webhook.module.ts","statementMap":{"0":{"start":{"line":1,"column":0},"end":{"line":1,"column":39}},"1":{"start":{"line":2,"column":0},"end":{"line":2,"column":43}},"2":{"start":{"line":3,"column":0},"end":{"line":3,"column":56}},"3":{"start":{"line":4,"column":0},"end":{"line":4,"column":74}},"4":{"start":{"line":5,"column":0},"end":{"line":5,"column":57}},"5":{"start":{"line":16,"column":7},"end":{"line":16,"column":null}},"6":{"start":{"line":16,"column":13},"end":{"line":16,"column":26}},"7":{"start":{"line":16,"column":13},"end":{"line":16,"column":null}}},"fnMap":{},"branchMap":{},"s":{"0":0,"1":0,"2":0,"3":0,"4":0,"5":0,"6":0,"7":0},"f":{},"b":{}}
,"/Users/pauloisaque/programacao/zaptend/apps/api/src/modules/webhook/webhook.service.ts": {"path":"/Users/pauloisaque/programacao/zaptend/apps/api/src/modules/webhook/webhook.service.ts","statementMap":{"0":{"start":{"line":1,"column":0},"end":{"line":1,"column":null}},"1":{"start":{"line":7,"column":0},"end":{"line":7,"column":44}},"2":{"start":{"line":8,"column":0},"end":{"line":8,"column":30}},"3":{"start":{"line":9,"column":0},"end":{"line":9,"column":32}},"4":{"start":{"line":10,"column":0},"end":{"line":10,"column":59}},"5":{"start":{"line":13,"column":13},"end":{"line":13,"column":null}},"6":{"start":{"line":16,"column":27},"end":{"line":143,"column":null}},"7":{"start":{"line":17,"column":28},"end":{"line":17,"column":59}},"8":{"start":{"line":20,"column":21},"end":{"line":20,"column":29}},"9":{"start":{"line":21,"column":58},"end":{"line":21,"column":72}},"10":{"start":{"line":29,"column":4},"end":{"line":31,"column":5}},"11":{"start":{"line":30,"column":6},"end":{"line":30,"column":null}},"12":{"start":{"line":33,"column":22},"end":{"line":33,"column":49}},"13":{"start":{"line":34,"column":4},"end":{"line":37,"column":5}},"14":{"start":{"line":35,"column":6},"end":{"line":35,"column":null}},"15":{"start":{"line":36,"column":6},"end":{"line":36,"column":null}},"16":{"start":{"line":39,"column":21},"end":{"line":42,"column":22}},"17":{"start":{"line":44,"column":19},"end":{"line":44,"column":41}},"18":{"start":{"line":45,"column":19},"end":{"line":45,"column":40}},"19":{"start":{"line":48,"column":4},"end":{"line":50,"column":5}},"20":{"start":{"line":49,"column":6},"end":{"line":49,"column":null}},"21":{"start":{"line":63,"column":4},"end":{"line":65,"column":5}},"22":{"start":{"line":64,"column":6},"end":{"line":64,"column":null}},"23":{"start":{"line":67,"column":19},"end":{"line":69,"column":6}},"24":{"start":{"line":71,"column":4},"end":{"line":73,"column":5}},"25":{"start":{"line":72,"column":6},"end":{"line":72,"column":null}},"26":{"start":{"line":75,"column":4},"end":{"line":75,"column":null}},"27":{"start":{"line":76,"column":4},"end":{"line":76,"column":null}},"28":{"start":{"line":84,"column":21},"end":{"line":84,"column":56}},"29":{"start":{"line":86,"column":4},"end":{"line":96,"column":5}},"30":{"start":{"line":87,"column":6},"end":{"line":95,"column":7}},"31":{"start":{"line":88,"column":8},"end":{"line":88,"column":49}},"32":{"start":{"line":88,"column":41},"end":{"line":88,"column":49}},"33":{"start":{"line":90,"column":22},"end":{"line":90,"column":53}},"34":{"start":{"line":91,"column":8},"end":{"line":91,"column":28}},"35":{"start":{"line":91,"column":20},"end":{"line":91,"column":28}},"36":{"start":{"line":93,"column":8},"end":{"line":93,"column":null}},"37":{"start":{"line":94,"column":8},"end":{"line":94,"column":null}},"38":{"start":{"line":100,"column":4},"end":{"line":100,"column":39}},"39":{"start":{"line":100,"column":33},"end":{"line":100,"column":39}},"40":{"start":{"line":102,"column":4},"end":{"line":115,"column":5}},"41":{"start":{"line":103,"column":6},"end":{"line":113,"column":null}},"42":{"start":{"line":114,"column":6},"end":{"line":114,"column":null}},"43":{"start":{"line":119,"column":4},"end":{"line":119,"column":39}},"44":{"start":{"line":119,"column":33},"end":{"line":119,"column":39}},"45":{"start":{"line":121,"column":4},"end":{"line":141,"column":5}},"46":{"start":{"line":122,"column":22},"end":{"line":125,"column":null}},"47":{"start":{"line":122,"column":50},"end":{"line":122,"column":74}},"48":{"start":{"line":127,"column":6},"end":{"line":136,"column":null}},"49":{"start":{"line":138,"column":6},"end":{"line":140,"column":null}},"50":{"start":{"line":16,"column":13},"end":{"line":16,"column":27}},"51":{"start":{"line":16,"column":13},"end":{"line":143,"column":null}}},"fnMap":{"0":{"name":"(anonymous_4)","decl":{"start":{"line":19,"column":2},"end":{"line":19,"column":null}},"loc":{"start":{"line":21,"column":77},"end":{"line":22,"column":6}}},"1":{"name":"(anonymous_5)","decl":{"start":{"line":28,"column":2},"end":{"line":28,"column":17}},"loc":{"start":{"line":28,"column":52},"end":{"line":51,"column":3}}},"2":{"name":"(anonymous_6)","decl":{"start":{"line":57,"column":2},"end":{"line":57,"column":7}},"loc":{"start":{"line":61,"column":21},"end":{"line":77,"column":3}}},"3":{"name":"(anonymous_7)","decl":{"start":{"line":83,"column":2},"end":{"line":83,"column":7}},"loc":{"start":{"line":83,"column":71},"end":{"line":97,"column":3}}},"4":{"name":"(anonymous_8)","decl":{"start":{"line":99,"column":10},"end":{"line":99,"column":15}},"loc":{"start":{"line":99,"column":77},"end":{"line":116,"column":3}}},"5":{"name":"(anonymous_9)","decl":{"start":{"line":118,"column":10},"end":{"line":118,"column":15}},"loc":{"start":{"line":118,"column":79},"end":{"line":142,"column":3}}},"6":{"name":"(anonymous_10)","decl":{"start":{"line":122,"column":43},"end":{"line":122,"column":44}},"loc":{"start":{"line":122,"column":50},"end":{"line":122,"column":74}}}},"branchMap":{"0":{"loc":{"start":{"line":29,"column":4},"end":{"line":31,"column":5}},"type":"if","locations":[{"start":{"line":29,"column":4},"end":{"line":31,"column":5}}]},"1":{"loc":{"start":{"line":34,"column":4},"end":{"line":37,"column":5}},"type":"if","locations":[{"start":{"line":34,"column":4},"end":{"line":37,"column":5}}]},"2":{"loc":{"start":{"line":48,"column":4},"end":{"line":50,"column":5}},"type":"if","locations":[{"start":{"line":48,"column":4},"end":{"line":50,"column":5}}]},"3":{"loc":{"start":{"line":48,"column":8},"end":{"line":48,"column":82}},"type":"binary-expr","locations":[{"start":{"line":48,"column":8},"end":{"line":48,"column":39}},{"start":{"line":48,"column":43},"end":{"line":48,"column":82}}]},"4":{"loc":{"start":{"line":63,"column":4},"end":{"line":65,"column":5}},"type":"if","locations":[{"start":{"line":63,"column":4},"end":{"line":65,"column":5}}]},"5":{"loc":{"start":{"line":71,"column":4},"end":{"line":73,"column":5}},"type":"if","locations":[{"start":{"line":71,"column":4},"end":{"line":73,"column":5}}]},"6":{"loc":{"start":{"line":84,"column":21},"end":{"line":84,"column":56}},"type":"binary-expr","locations":[{"start":{"line":84,"column":21},"end":{"line":84,"column":50}},{"start":{"line":84,"column":54},"end":{"line":84,"column":56}}]},"7":{"loc":{"start":{"line":87,"column":27},"end":{"line":87,"column":46}},"type":"binary-expr","locations":[{"start":{"line":87,"column":27},"end":{"line":87,"column":40}},{"start":{"line":87,"column":44},"end":{"line":87,"column":46}}]},"8":{"loc":{"start":{"line":88,"column":8},"end":{"line":88,"column":49}},"type":"if","locations":[{"start":{"line":88,"column":8},"end":{"line":88,"column":49}}]},"9":{"loc":{"start":{"line":91,"column":8},"end":{"line":91,"column":28}},"type":"if","locations":[{"start":{"line":91,"column":8},"end":{"line":91,"column":28}}]},"10":{"loc":{"start":{"line":100,"column":4},"end":{"line":100,"column":39}},"type":"if","locations":[{"start":{"line":100,"column":4},"end":{"line":100,"column":39}}]},"11":{"loc":{"start":{"line":119,"column":4},"end":{"line":119,"column":39}},"type":"if","locations":[{"start":{"line":119,"column":4},"end":{"line":119,"column":39}}]},"12":{"loc":{"start":{"line":122,"column":22},"end":{"line":125,"column":null}},"type":"binary-expr","locations":[{"start":{"line":122,"column":22},"end":{"line":122,"column":75}},{"start":{"line":122,"column":79},"end":{"line":125,"column":null}}]}},"s":{"0":0,"1":0,"2":0,"3":0,"4":0,"5":0,"6":0,"7":0,"8":0,"9":0,"10":0,"11":0,"12":0,"13":0,"14":0,"15":0,"16":0,"17":0,"18":0,"19":0,"20":0,"21":0,"22":0,"23":0,"24":0,"25":0,"26":0,"27":0,"28":0,"29":0,"30":0,"31":0,"32":0,"33":0,"34":0,"35":0,"36":0,"37":0,"38":0,"39":0,"40":0,"41":0,"42":0,"43":0,"44":0,"45":0,"46":0,"47":0,"48":0,"49":0,"50":0,"51":0},"f":{"0":0,"1":0,"2":0,"3":0,"4":0,"5":0,"6":0},"b":{"0":[0],"1":[0],"2":[0],"3":[0,0],"4":[0],"5":[0],"6":[0,0],"7":[0,0],"8":[0],"9":[0],"10":[0],"11":[0],"12":[0,0]}}
,"/Users/pauloisaque/programacao/zaptend/apps/api/src/modules/webhook/dto/meta-webhook.dto.ts": {"path":"/Users/pauloisaque/programacao/zaptend/apps/api/src/modules/webhook/dto/meta-webhook.dto.ts","statementMap":{"0":{"start":{"line":1,"column":0},"end":{"line":1,"column":66}},"1":{"start":{"line":2,"column":0},"end":{"line":2,"column":63}},"2":{"start":{"line":129,"column":0},"end":{"line":129,"column":13}},"3":{"start":{"line":133,"column":2},"end":{"line":133,"column":null}},"4":{"start":{"line":138,"column":2},"end":{"line":138,"column":null}}},"fnMap":{},"branchMap":{},"s":{"0":0,"1":0,"2":0,"3":0,"4":0},"f":{},"b":{}}
,"/Users/pauloisaque/programacao/zaptend/apps/api/src/modules/webhook/dto/verify-webhook.dto.ts": {"path":"/Users/pauloisaque/programacao/zaptend/apps/api/src/modules/webhook/dto/verify-webhook.dto.ts","statementMap":{"0":{"start":{"line":1,"column":0},"end":{"line":1,"column":45}},"1":{"start":{"line":2,"column":0},"end":{"line":2,"column":54}},"2":{"start":{"line":11,"column":0},"end":{"line":11,"column":13}},"3":{"start":{"line":15,"column":2},"end":{"line":15,"column":null}},"4":{"start":{"line":20,"column":2},"end":{"line":20,"column":null}},"5":{"start":{"line":25,"column":2},"end":{"line":25,"column":null}}},"fnMap":{},"branchMap":{},"s":{"0":0,"1":0,"2":0,"3":0,"4":0,"5":0},"f":{},"b":{}}
,"/Users/pauloisaque/programacao/zaptend/apps/api/src/modules/whatsapp/whatsapp.module.ts": {"path":"/Users/pauloisaque/programacao/zaptend/apps/api/src/modules/whatsapp/whatsapp.module.ts","statementMap":{"0":{"start":{"line":1,"column":0},"end":{"line":1,"column":39}},"1":{"start":{"line":2,"column":0},"end":{"line":2,"column":52}},"2":{"start":{"line":3,"column":0},"end":{"line":3,"column":55}},"3":{"start":{"line":4,"column":0},"end":{"line":4,"column":57}},"4":{"start":{"line":11,"column":7},"end":{"line":11,"column":null}},"5":{"start":{"line":11,"column":13},"end":{"line":11,"column":27}},"6":{"start":{"line":11,"column":13},"end":{"line":11,"column":null}}},"fnMap":{},"branchMap":{},"s":{"0":0,"1":0,"2":0,"3":0,"4":0,"5":0,"6":0},"f":{},"b":{}}
,"/Users/pauloisaque/programacao/zaptend/apps/api/src/modules/whatsapp/whatsapp.service.ts": {"path":"/Users/pauloisaque/programacao/zaptend/apps/api/src/modules/whatsapp/whatsapp.service.ts","statementMap":{"0":{"start":{"line":1,"column":0},"end":{"line":1,"column":null}},"1":{"start":{"line":9,"column":0},"end":{"line":9,"column":59}},"2":{"start":{"line":10,"column":0},"end":{"line":10,"column":57}},"3":{"start":{"line":12,"column":22},"end":{"line":12,"column":93}},"4":{"start":{"line":25,"column":28},"end":{"line":319,"column":null}},"5":{"start":{"line":26,"column":28},"end":{"line":26,"column":60}},"6":{"start":{"line":29,"column":21},"end":{"line":29,"column":29}},"7":{"start":{"line":30,"column":21},"end":{"line":30,"column":33}},"8":{"start":{"line":36,"column":4},"end":{"line":36,"column":null}},"9":{"start":{"line":38,"column":43},"end":{"line":38,"column":78}},"10":{"start":{"line":40,"column":20},"end":{"line":46,"column":null}},"11":{"start":{"line":48,"column":24},"end":{"line":48,"column":83}},"12":{"start":{"line":49,"column":27},"end":{"line":49,"column":70}},"13":{"start":{"line":51,"column":4},"end":{"line":57,"column":null}},"14":{"start":{"line":67,"column":4},"end":{"line":67,"column":null}},"15":{"start":{"line":69,"column":43},"end":{"line":69,"column":78}},"16":{"start":{"line":71,"column":61},"end":{"line":71,"column":79}},"17":{"start":{"line":72,"column":4},"end":{"line":74,"column":5}},"18":{"start":{"line":73,"column":6},"end":{"line":73,"column":null}},"19":{"start":{"line":76,"column":20},"end":{"line":82,"column":null}},"20":{"start":{"line":84,"column":24},"end":{"line":84,"column":83}},"21":{"start":{"line":85,"column":27},"end":{"line":85,"column":70}},"22":{"start":{"line":87,"column":4},"end":{"line":95,"column":null}},"23":{"start":{"line":104,"column":43},"end":{"line":104,"column":78}},"24":{"start":{"line":106,"column":23},"end":{"line":108,"column":10}},"25":{"start":{"line":107,"column":59},"end":{"line":107,"column":84}},"26":{"start":{"line":110,"column":20},"end":{"line":119,"column":null}},"27":{"start":{"line":121,"column":24},"end":{"line":121,"column":83}},"28":{"start":{"line":122,"column":27},"end":{"line":122,"column":70}},"29":{"start":{"line":124,"column":4},"end":{"line":130,"column":null}},"30":{"start":{"line":139,"column":43},"end":{"line":139,"column":78}},"31":{"start":{"line":141,"column":20},"end":{"line":147,"column":null}},"32":{"start":{"line":149,"column":24},"end":{"line":149,"column":83}},"33":{"start":{"line":150,"column":27},"end":{"line":150,"column":70}},"34":{"start":{"line":152,"column":4},"end":{"line":158,"column":null}},"35":{"start":{"line":164,"column":19},"end":{"line":167,"column":6}},"36":{"start":{"line":168,"column":4},"end":{"line":172,"column":5}},"37":{"start":{"line":169,"column":6},"end":{"line":171,"column":null}},"38":{"start":{"line":173,"column":24},"end":{"line":173,"column":82}},"39":{"start":{"line":174,"column":4},"end":{"line":174,"column":null}},"40":{"start":{"line":178,"column":20},"end":{"line":181,"column":6}},"41":{"start":{"line":183,"column":4},"end":{"line":187,"column":5}},"42":{"start":{"line":184,"column":6},"end":{"line":186,"column":null}},"43":{"start":{"line":189,"column":19},"end":{"line":189,"column":61}},"44":{"start":{"line":191,"column":24},"end":{"line":200,"column":6}},"45":{"start":{"line":202,"column":4},"end":{"line":206,"column":5}},"46":{"start":{"line":203,"column":6},"end":{"line":205,"column":null}},"47":{"start":{"line":210,"column":20},"end":{"line":213,"column":6}},"48":{"start":{"line":214,"column":4},"end":{"line":216,"column":5}},"49":{"start":{"line":215,"column":6},"end":{"line":215,"column":null}},"50":{"start":{"line":218,"column":25},"end":{"line":222,"column":6}},"51":{"start":{"line":223,"column":4},"end":{"line":225,"column":5}},"52":{"start":{"line":224,"column":6},"end":{"line":224,"column":null}},"53":{"start":{"line":227,"column":4},"end":{"line":227,"column":null}},"54":{"start":{"line":235,"column":16},"end":{"line":235,"column":60}},"55":{"start":{"line":238,"column":4},"end":{"line":250,"column":5}},"56":{"start":{"line":239,"column":6},"end":{"line":246,"column":null}},"57":{"start":{"line":248,"column":6},"end":{"line":248,"column":null}},"58":{"start":{"line":249,"column":6},"end":{"line":249,"column":null}},"59":{"start":{"line":252,"column":18},"end":{"line":252,"column":39}},"60":{"start":{"line":254,"column":4},"end":{"line":258,"column":5}},"61":{"start":{"line":255,"column":21},"end":{"line":255,"column":69}},"62":{"start":{"line":256,"column":6},"end":{"line":256,"column":null}},"63":{"start":{"line":257,"column":6},"end":{"line":257,"column":null}},"64":{"start":{"line":260,"column":24},"end":{"line":260,"column":46}},"65":{"start":{"line":261,"column":4},"end":{"line":263,"column":5}},"66":{"start":{"line":262,"column":6},"end":{"line":262,"column":null}},"67":{"start":{"line":265,"column":4},"end":{"line":265,"column":null}},"68":{"start":{"line":266,"column":4},"end":{"line":266,"column":null}},"69":{"start":{"line":280,"column":16},"end":{"line":280,"column":26}},"70":{"start":{"line":282,"column":22},"end":{"line":303,"column":6}},"71":{"start":{"line":305,"column":4},"end":{"line":307,"column":null}},"72":{"start":{"line":308,"column":4},"end":{"line":308,"column":null}},"73":{"start":{"line":314,"column":22},"end":{"line":314,"column":81}},"74":{"start":{"line":315,"column":4},"end":{"line":317,"column":null}},"75":{"start":{"line":25,"column":13},"end":{"line":25,"column":28}},"76":{"start":{"line":25,"column":13},"end":{"line":319,"column":null}}},"fnMap":{"0":{"name":"(anonymous_2)","decl":{"start":{"line":28,"column":2},"end":{"line":28,"column":null}},"loc":{"start":{"line":30,"column":43},"end":{"line":31,"column":6}}},"1":{"name":"(anonymous_3)","decl":{"start":{"line":35,"column":2},"end":{"line":35,"column":7}},"loc":{"start":{"line":35,"column":66},"end":{"line":58,"column":3}}},"2":{"name":"(anonymous_4)","decl":{"start":{"line":60,"column":2},"end":{"line":60,"column":7}},"loc":{"start":{"line":65,"column":20},"end":{"line":96,"column":3}}},"3":{"name":"(anonymous_5)","decl":{"start":{"line":98,"column":2},"end":{"line":98,"column":7}},"loc":{"start":{"line":102,"column":23},"end":{"line":131,"column":3}}},"4":{"name":"(anonymous_6)","decl":{"start":{"line":107,"column":51},"end":{"line":107,"column":52}},"loc":{"start":{"line":107,"column":59},"end":{"line":107,"column":84}}},"5":{"name":"(anonymous_7)","decl":{"start":{"line":133,"column":2},"end":{"line":133,"column":7}},"loc":{"start":{"line":137,"column":17},"end":{"line":159,"column":3}}},"6":{"name":"(anonymous_8)","decl":{"start":{"line":163,"column":10},"end":{"line":163,"column":15}},"loc":{"start":{"line":163,"column":47},"end":{"line":175,"column":3}}},"7":{"name":"(anonymous_9)","decl":{"start":{"line":177,"column":10},"end":{"line":177,"column":15}},"loc":{"start":{"line":177,"column":63},"end":{"line":207,"column":3}}},"8":{"name":"(anonymous_10)","decl":{"start":{"line":209,"column":10},"end":{"line":209,"column":15}},"loc":{"start":{"line":209,"column":66},"end":{"line":228,"column":3}}},"9":{"name":"(anonymous_11)","decl":{"start":{"line":230,"column":10},"end":{"line":230,"column":15}},"loc":{"start":{"line":233,"column":36},"end":{"line":267,"column":3}}},"10":{"name":"(anonymous_12)","decl":{"start":{"line":269,"column":10},"end":{"line":269,"column":15}},"loc":{"start":{"line":279,"column":3},"end":{"line":309,"column":3}}},"11":{"name":"(anonymous_13)","decl":{"start":{"line":311,"column":10},"end":{"line":311,"column":26}},"loc":{"start":{"line":312,"column":21},"end":{"line":318,"column":3}}}},"branchMap":{"0":{"loc":{"start":{"line":12,"column":52},"end":{"line":12,"column":91}},"type":"binary-expr","locations":[{"start":{"line":12,"column":52},"end":{"line":12,"column":80}},{"start":{"line":12,"column":84},"end":{"line":12,"column":91}}]},"1":{"loc":{"start":{"line":72,"column":4},"end":{"line":74,"column":5}},"type":"if","locations":[{"start":{"line":72,"column":4},"end":{"line":74,"column":5}}]},"2":{"loc":{"start":{"line":72,"column":8},"end":{"line":72,"column":69}},"type":"binary-expr","locations":[{"start":{"line":72,"column":8},"end":{"line":72,"column":15}},{"start":{"line":72,"column":19},"end":{"line":72,"column":69}}]},"3":{"loc":{"start":{"line":106,"column":23},"end":{"line":108,"column":10}},"type":"cond-expr","locations":[{"start":{"line":107,"column":8},"end":{"line":107,"column":89}},{"start":{"line":108,"column":8},"end":{"line":108,"column":10}}]},"4":{"loc":{"start":{"line":168,"column":4},"end":{"line":172,"column":5}},"type":"if","locations":[{"start":{"line":168,"column":4},"end":{"line":172,"column":5}}]},"5":{"loc":{"start":{"line":183,"column":4},"end":{"line":187,"column":5}},"type":"if","locations":[{"start":{"line":183,"column":4},"end":{"line":187,"column":5}}]},"6":{"loc":{"start":{"line":202,"column":4},"end":{"line":206,"column":5}},"type":"if","locations":[{"start":{"line":202,"column":4},"end":{"line":206,"column":5}}]},"7":{"loc":{"start":{"line":214,"column":4},"end":{"line":216,"column":5}},"type":"if","locations":[{"start":{"line":214,"column":4},"end":{"line":216,"column":5}}]},"8":{"loc":{"start":{"line":223,"column":4},"end":{"line":225,"column":5}},"type":"if","locations":[{"start":{"line":223,"column":4},"end":{"line":225,"column":5}}]},"9":{"loc":{"start":{"line":254,"column":4},"end":{"line":258,"column":5}},"type":"if","locations":[{"start":{"line":254,"column":4},"end":{"line":258,"column":5}}]},"10":{"loc":{"start":{"line":254,"column":8},"end":{"line":254,"column":34}},"type":"binary-expr","locations":[{"start":{"line":254,"column":8},"end":{"line":254,"column":20}},{"start":{"line":254,"column":24},"end":{"line":254,"column":34}}]},"11":{"loc":{"start":{"line":255,"column":21},"end":{"line":255,"column":69}},"type":"binary-expr","locations":[{"start":{"line":255,"column":21},"end":{"line":255,"column":40}},{"start":{"line":255,"column":44},"end":{"line":255,"column":69}}]},"12":{"loc":{"start":{"line":261,"column":4},"end":{"line":263,"column":5}},"type":"if","locations":[{"start":{"line":261,"column":4},"end":{"line":263,"column":5}}]},"13":{"loc":{"start":{"line":290,"column":19},"end":{"line":290,"column":41}},"type":"binary-expr","locations":[{"start":{"line":290,"column":19},"end":{"line":290,"column":33}},{"start":{"line":290,"column":37},"end":{"line":290,"column":41}}]},"14":{"loc":{"start":{"line":291,"column":20},"end":{"line":291,"column":43}},"type":"binary-expr","locations":[{"start":{"line":291,"column":20},"end":{"line":291,"column":35}},{"start":{"line":291,"column":39},"end":{"line":291,"column":43}}]},"15":{"loc":{"start":{"line":292,"column":21},"end":{"line":292,"column":45}},"type":"binary-expr","locations":[{"start":{"line":292,"column":21},"end":{"line":292,"column":37}},{"start":{"line":292,"column":41},"end":{"line":292,"column":45}}]},"16":{"loc":{"start":{"line":293,"column":24},"end":{"line":293,"column":51}},"type":"binary-expr","locations":[{"start":{"line":293,"column":24},"end":{"line":293,"column":43}},{"start":{"line":293,"column":47},"end":{"line":293,"column":51}}]},"17":{"loc":{"start":{"line":294,"column":25},"end":{"line":294,"column":53}},"type":"binary-expr","locations":[{"start":{"line":294,"column":25},"end":{"line":294,"column":45}},{"start":{"line":294,"column":49},"end":{"line":294,"column":53}}]},"18":{"loc":{"start":{"line":315,"column":11},"end":{"line":317,"column":21}},"type":"cond-expr","locations":[{"start":{"line":316,"column":9},"end":{"line":316,"column":49}},{"start":{"line":317,"column":8},"end":{"line":317,"column":21}}]}},"s":{"0":1,"1":1,"2":1,"3":1,"4":1,"5":33,"6":33,"7":33,"8":16,"9":14,"10":13,"11":13,"12":10,"13":9,"14":7,"15":5,"16":5,"17":5,"18":2,"19":5,"20":5,"21":5,"22":5,"23":7,"24":7,"25":4,"26":7,"27":7,"28":7,"29":7,"30":3,"31":3,"32":3,"33":3,"34":3,"35":29,"36":29,"37":1,"38":28,"39":28,"40":23,"41":23,"42":1,"43":22,"44":22,"45":22,"46":3,"47":25,"48":25,"49":0,"50":25,"51":25,"52":1,"53":24,"54":28,"55":28,"56":28,"57":1,"58":1,"59":27,"60":27,"61":1,"62":1,"63":1,"64":26,"65":26,"66":1,"67":25,"68":25,"69":24,"70":24,"71":24,"72":24,"73":5,"74":5,"75":1,"76":1},"f":{"0":33,"1":16,"2":7,"3":7,"4":4,"5":3,"6":29,"7":23,"8":25,"9":28,"10":24,"11":5},"b":{"0":[1,1],"1":[2],"2":[5,2],"3":[3,4],"4":[1],"5":[1],"6":[3],"7":[0],"8":[1],"9":[1],"10":[27,26],"11":[1,0],"12":[1],"13":[24,13],"14":[24,19],"15":[24,19],"16":[24,17],"17":[24,21],"18":[4,1]}}
,"/Users/pauloisaque/programacao/zaptend/apps/api/src/modules/whatsapp-config/whatsapp-config.controller.ts": {"path":"/Users/pauloisaque/programacao/zaptend/apps/api/src/modules/whatsapp-config/whatsapp-config.controller.ts","statementMap":{"0":{"start":{"line":1,"column":0},"end":{"line":1,"column":null}},"1":{"start":{"line":12,"column":0},"end":{"line":12,"column":null}},"2":{"start":{"line":20,"column":0},"end":{"line":20,"column":65}},"3":{"start":{"line":21,"column":0},"end":{"line":21,"column":74}},"4":{"start":{"line":22,"column":0},"end":{"line":22,"column":74}},"5":{"start":{"line":23,"column":0},"end":{"line":23,"column":78}},"6":{"start":{"line":24,"column":0},"end":{"line":24,"column":76}},"7":{"start":{"line":25,"column":0},"end":{"line":25,"column":63}},"8":{"start":{"line":31,"column":7},"end":{"line":122,"column":null}},"9":{"start":{"line":32,"column":31},"end":{"line":32,"column":54}},"10":{"start":{"line":44,"column":4},"end":{"line":44,"column":null}},"11":{"start":{"line":59,"column":4},"end":{"line":59,"column":null}},"12":{"start":{"line":79,"column":4},"end":{"line":79,"column":null}},"13":{"start":{"line":101,"column":4},"end":{"line":101,"column":null}},"14":{"start":{"line":120,"column":4},"end":{"line":120,"column":null}},"15":{"start":{"line":31,"column":13},"end":{"line":31,"column":37}},"16":{"start":{"line":43,"column":2},"end":{"line":45,"column":null}},"17":{"start":{"line":55,"column":2},"end":{"line":60,"column":null}},"18":{"start":{"line":75,"column":2},"end":{"line":80,"column":null}},"19":{"start":{"line":96,"column":2},"end":{"line":102,"column":null}},"20":{"start":{"line":116,"column":8},"end":{"line":121,"column":null}},"21":{"start":{"line":31,"column":13},"end":{"line":122,"column":null}}},"fnMap":{"0":{"name":"(anonymous_4)","decl":{"start":{"line":32,"column":2},"end":{"line":32,"column":31}},"loc":{"start":{"line":32,"column":75},"end":{"line":32,"column":79}}},"1":{"name":"(anonymous_5)","decl":{"start":{"line":43,"column":2},"end":{"line":43,"column":9}},"loc":{"start":{"line":43,"column":41},"end":{"line":45,"column":3}}},"2":{"name":"(anonymous_6)","decl":{"start":{"line":55,"column":2},"end":{"line":55,"column":9}},"loc":{"start":{"line":57,"column":35},"end":{"line":60,"column":3}}},"3":{"name":"(anonymous_7)","decl":{"start":{"line":75,"column":2},"end":{"line":75,"column":8}},"loc":{"start":{"line":77,"column":35},"end":{"line":80,"column":3}}},"4":{"name":"(anonymous_8)","decl":{"start":{"line":96,"column":2},"end":{"line":96,"column":8}},"loc":{"start":{"line":99,"column":35},"end":{"line":102,"column":3}}},"5":{"name":"(anonymous_9)","decl":{"start":{"line":116,"column":2},"end":{"line":116,"column":7}},"loc":{"start":{"line":118,"column":35},"end":{"line":121,"column":3}}}},"branchMap":{},"s":{"0":0,"1":0,"2":0,"3":0,"4":0,"5":0,"6":0,"7":0,"8":0,"9":0,"10":0,"11":0,"12":0,"13":0,"14":0,"15":0,"16":0,"17":0,"18":0,"19":0,"20":0,"21":0},"f":{"0":0,"1":0,"2":0,"3":0,"4":0,"5":0},"b":{}}
,"/Users/pauloisaque/programacao/zaptend/apps/api/src/modules/whatsapp-config/whatsapp-config.module.ts": {"path":"/Users/pauloisaque/programacao/zaptend/apps/api/src/modules/whatsapp-config/whatsapp-config.module.ts","statementMap":{"0":{"start":{"line":1,"column":0},"end":{"line":1,"column":39}},"1":{"start":{"line":2,"column":0},"end":{"line":2,"column":71}},"2":{"start":{"line":3,"column":0},"end":{"line":3,"column":65}},"3":{"start":{"line":4,"column":0},"end":{"line":4,"column":55}},"4":{"start":{"line":5,"column":0},"end":{"line":5,"column":57}},"5":{"start":{"line":13,"column":7},"end":{"line":13,"column":null}},"6":{"start":{"line":13,"column":13},"end":{"line":13,"column":33}},"7":{"start":{"line":13,"column":13},"end":{"line":13,"column":null}}},"fnMap":{},"branchMap":{},"s":{"0":0,"1":0,"2":0,"3":0,"4":0,"5":0,"6":0,"7":0},"f":{},"b":{}}
,"/Users/pauloisaque/programacao/zaptend/apps/api/src/modules/whatsapp-config/whatsapp-config.service.ts": {"path":"/Users/pauloisaque/programacao/zaptend/apps/api/src/modules/whatsapp-config/whatsapp-config.service.ts","statementMap":{"0":{"start":{"line":1,"column":0},"end":{"line":1,"column":null}},"1":{"start":{"line":7,"column":0},"end":{"line":7,"column":32}},"2":{"start":{"line":8,"column":0},"end":{"line":8,"column":59}},"3":{"start":{"line":9,"column":0},"end":{"line":9,"column":57}},"4":{"start":{"line":15,"column":34},"end":{"line":168,"column":null}},"5":{"start":{"line":16,"column":28},"end":{"line":16,"column":66}},"6":{"start":{"line":19,"column":21},"end":{"line":19,"column":29}},"7":{"start":{"line":20,"column":21},"end":{"line":20,"column":33}},"8":{"start":{"line":24,"column":20},"end":{"line":27,"column":6}},"9":{"start":{"line":28,"column":4},"end":{"line":28,"column":null}},"10":{"start":{"line":32,"column":19},"end":{"line":34,"column":6}},"11":{"start":{"line":35,"column":4},"end":{"line":37,"column":5}},"12":{"start":{"line":36,"column":6},"end":{"line":36,"column":null}},"13":{"start":{"line":38,"column":4},"end":{"line":38,"column":null}},"14":{"start":{"line":45,"column":21},"end":{"line":47,"column":6}},"15":{"start":{"line":48,"column":4},"end":{"line":50,"column":5}},"16":{"start":{"line":49,"column":6},"end":{"line":49,"column":null}},"17":{"start":{"line":52,"column":33},"end":{"line":52,"column":79}},"18":{"start":{"line":53,"column":31},"end":{"line":53,"column":69}},"19":{"start":{"line":55,"column":19},"end":{"line":72,"column":6}},"20":{"start":{"line":74,"column":4},"end":{"line":74,"column":null}},"21":{"start":{"line":75,"column":4},"end":{"line":75,"column":null}},"22":{"start":{"line":83,"column":4},"end":{"line":83,"column":null}},"23":{"start":{"line":85,"column":42},"end":{"line":85,"column":44}},"24":{"start":{"line":87,"column":4},"end":{"line":87,"column":null}},"25":{"start":{"line":87,"column":39},"end":{"line":87,"column":null}},"26":{"start":{"line":88,"column":4},"end":{"line":88,"column":null}},"27":{"start":{"line":88,"column":42},"end":{"line":88,"column":null}},"28":{"start":{"line":89,"column":4},"end":{"line":89,"column":null}},"29":{"start":{"line":89,"column":39},"end":{"line":89,"column":null}},"30":{"start":{"line":90,"column":4},"end":{"line":90,"column":null}},"31":{"start":{"line":90,"column":48},"end":{"line":90,"column":null}},"32":{"start":{"line":91,"column":4},"end":{"line":91,"column":null}},"33":{"start":{"line":91,"column":41},"end":{"line":91,"column":null}},"34":{"start":{"line":92,"column":4},"end":{"line":92,"column":null}},"35":{"start":{"line":92,"column":36},"end":{"line":92,"column":null}},"36":{"start":{"line":93,"column":4},"end":{"line":93,"column":null}},"37":{"start":{"line":93,"column":38},"end":{"line":93,"column":null}},"38":{"start":{"line":94,"column":4},"end":{"line":94,"column":null}},"39":{"start":{"line":94,"column":43},"end":{"line":94,"column":null}},"40":{"start":{"line":95,"column":4},"end":{"line":95,"column":null}},"41":{"start":{"line":95,"column":39},"end":{"line":95,"column":null}},"42":{"start":{"line":97,"column":4},"end":{"line":100,"column":5}},"43":{"start":{"line":98,"column":6},"end":{"line":98,"column":null}},"44":{"start":{"line":99,"column":6},"end":{"line":99,"column":null}},"45":{"start":{"line":102,"column":20},"end":{"line":105,"column":6}},"46":{"start":{"line":107,"column":4},"end":{"line":107,"column":null}},"47":{"start":{"line":108,"column":4},"end":{"line":108,"column":null}},"48":{"start":{"line":112,"column":4},"end":{"line":112,"column":null}},"49":{"start":{"line":114,"column":4},"end":{"line":114,"column":null}},"50":{"start":{"line":115,"column":4},"end":{"line":115,"column":null}},"51":{"start":{"line":120,"column":19},"end":{"line":122,"column":6}},"52":{"start":{"line":123,"column":4},"end":{"line":125,"column":5}},"53":{"start":{"line":124,"column":6},"end":{"line":124,"column":null}},"54":{"start":{"line":126,"column":4},"end":{"line":126,"column":null}},"55":{"start":{"line":148,"column":4},"end":{"line":166,"column":null}},"56":{"start":{"line":15,"column":13},"end":{"line":15,"column":34}},"57":{"start":{"line":15,"column":13},"end":{"line":168,"column":null}}},"fnMap":{"0":{"name":"(anonymous_2)","decl":{"start":{"line":18,"column":2},"end":{"line":18,"column":null}},"loc":{"start":{"line":20,"column":43},"end":{"line":21,"column":6}}},"1":{"name":"(anonymous_3)","decl":{"start":{"line":23,"column":2},"end":{"line":23,"column":7}},"loc":{"start":{"line":23,"column":32},"end":{"line":29,"column":3}}},"2":{"name":"(anonymous_4)","decl":{"start":{"line":31,"column":2},"end":{"line":31,"column":7}},"loc":{"start":{"line":31,"column":44},"end":{"line":39,"column":3}}},"3":{"name":"(anonymous_5)","decl":{"start":{"line":41,"column":2},"end":{"line":41,"column":7}},"loc":{"start":{"line":43,"column":32},"end":{"line":76,"column":3}}},"4":{"name":"(anonymous_6)","decl":{"start":{"line":78,"column":2},"end":{"line":78,"column":7}},"loc":{"start":{"line":81,"column":32},"end":{"line":109,"column":3}}},"5":{"name":"(anonymous_7)","decl":{"start":{"line":111,"column":2},"end":{"line":111,"column":7}},"loc":{"start":{"line":111,"column":43},"end":{"line":116,"column":3}}},"6":{"name":"(anonymous_8)","decl":{"start":{"line":119,"column":2},"end":{"line":119,"column":7}},"loc":{"start":{"line":119,"column":60},"end":{"line":127,"column":3}}},"7":{"name":"(anonymous_9)","decl":{"start":{"line":129,"column":10},"end":{"line":129,"column":20}},"loc":{"start":{"line":147,"column":3},"end":{"line":167,"column":3}}}},"branchMap":{"0":{"loc":{"start":{"line":35,"column":4},"end":{"line":37,"column":5}},"type":"if","locations":[{"start":{"line":35,"column":4},"end":{"line":37,"column":5}}]},"1":{"loc":{"start":{"line":48,"column":4},"end":{"line":50,"column":5}},"type":"if","locations":[{"start":{"line":48,"column":4},"end":{"line":50,"column":5}}]},"2":{"loc":{"start":{"line":64,"column":24},"end":{"line":64,"column":50}},"type":"binary-expr","locations":[{"start":{"line":64,"column":24},"end":{"line":64,"column":42}},{"start":{"line":64,"column":46},"end":{"line":64,"column":50}}]},"3":{"loc":{"start":{"line":65,"column":21},"end":{"line":65,"column":44}},"type":"binary-expr","locations":[{"start":{"line":65,"column":21},"end":{"line":65,"column":36}},{"start":{"line":65,"column":40},"end":{"line":65,"column":44}}]},"4":{"loc":{"start":{"line":66,"column":30},"end":{"line":66,"column":63}},"type":"binary-expr","locations":[{"start":{"line":66,"column":30},"end":{"line":66,"column":54}},{"start":{"line":66,"column":58},"end":{"line":66,"column":63}}]},"5":{"loc":{"start":{"line":67,"column":23},"end":{"line":67,"column":84}},"type":"cond-expr","locations":[{"start":{"line":67,"column":44},"end":{"line":67,"column":72}},{"start":{"line":67,"column":75},"end":{"line":67,"column":84}}]},"6":{"loc":{"start":{"line":68,"column":20},"end":{"line":68,"column":43}},"type":"binary-expr","locations":[{"start":{"line":68,"column":20},"end":{"line":68,"column":34}},{"start":{"line":68,"column":38},"end":{"line":68,"column":43}}]},"7":{"loc":{"start":{"line":69,"column":25},"end":{"line":69,"column":52}},"type":"binary-expr","locations":[{"start":{"line":69,"column":25},"end":{"line":69,"column":44}},{"start":{"line":69,"column":48},"end":{"line":69,"column":52}}]},"8":{"loc":{"start":{"line":70,"column":21},"end":{"line":70,"column":44}},"type":"binary-expr","locations":[{"start":{"line":70,"column":21},"end":{"line":70,"column":36}},{"start":{"line":70,"column":40},"end":{"line":70,"column":44}}]},"9":{"loc":{"start":{"line":87,"column":4},"end":{"line":87,"column":null}},"type":"if","locations":[{"start":{"line":87,"column":4},"end":{"line":87,"column":null}}]},"10":{"loc":{"start":{"line":88,"column":4},"end":{"line":88,"column":null}},"type":"if","locations":[{"start":{"line":88,"column":4},"end":{"line":88,"column":null}}]},"11":{"loc":{"start":{"line":89,"column":4},"end":{"line":89,"column":null}},"type":"if","locations":[{"start":{"line":89,"column":4},"end":{"line":89,"column":null}}]},"12":{"loc":{"start":{"line":90,"column":4},"end":{"line":90,"column":null}},"type":"if","locations":[{"start":{"line":90,"column":4},"end":{"line":90,"column":null}}]},"13":{"loc":{"start":{"line":91,"column":4},"end":{"line":91,"column":null}},"type":"if","locations":[{"start":{"line":91,"column":4},"end":{"line":91,"column":null}}]},"14":{"loc":{"start":{"line":92,"column":4},"end":{"line":92,"column":null}},"type":"if","locations":[{"start":{"line":92,"column":4},"end":{"line":92,"column":null}}]},"15":{"loc":{"start":{"line":93,"column":4},"end":{"line":93,"column":null}},"type":"if","locations":[{"start":{"line":93,"column":4},"end":{"line":93,"column":null}}]},"16":{"loc":{"start":{"line":94,"column":4},"end":{"line":94,"column":null}},"type":"if","locations":[{"start":{"line":94,"column":4},"end":{"line":94,"column":null}}]},"17":{"loc":{"start":{"line":95,"column":4},"end":{"line":95,"column":null}},"type":"if","locations":[{"start":{"line":95,"column":4},"end":{"line":95,"column":null}}]},"18":{"loc":{"start":{"line":97,"column":4},"end":{"line":100,"column":5}},"type":"if","locations":[{"start":{"line":97,"column":4},"end":{"line":100,"column":5}}]},"19":{"loc":{"start":{"line":123,"column":4},"end":{"line":125,"column":5}},"type":"if","locations":[{"start":{"line":123,"column":4},"end":{"line":125,"column":5}}]}},"s":{"0":0,"1":0,"2":0,"3":0,"4":0,"5":0,"6":0,"7":0,"8":0,"9":0,"10":0,"11":0,"12":0,"13":0,"14":0,"15":0,"16":0,"17":0,"18":0,"19":0,"20":0,"21":0,"22":0,"23":0,"24":0,"25":0,"26":0,"27":0,"28":0,"29":0,"30":0,"31":0,"32":0,"33":0,"34":0,"35":0,"36":0,"37":0,"38":0,"39":0,"40":0,"41":0,"42":0,"43":0,"44":0,"45":0,"46":0,"47":0,"48":0,"49":0,"50":0,"51":0,"52":0,"53":0,"54":0,"55":0,"56":0,"57":0},"f":{"0":0,"1":0,"2":0,"3":0,"4":0,"5":0,"6":0,"7":0},"b":{"0":[0],"1":[0],"2":[0,0],"3":[0,0],"4":[0,0],"5":[0,0],"6":[0,0],"7":[0,0],"8":[0,0],"9":[0],"10":[0],"11":[0],"12":[0],"13":[0],"14":[0],"15":[0],"16":[0],"17":[0],"18":[0],"19":[0]}}
,"/Users/pauloisaque/programacao/zaptend/apps/api/src/modules/whatsapp-config/dto/business-hours.dto.ts": {"path":"/Users/pauloisaque/programacao/zaptend/apps/api/src/modules/whatsapp-config/dto/business-hours.dto.ts","statementMap":{"0":{"start":{"line":1,"column":0},"end":{"line":1,"column":90}},"1":{"start":{"line":2,"column":0},"end":{"line":2,"column":53}},"2":{"start":{"line":3,"column":0},"end":{"line":3,"column":40}},"3":{"start":{"line":5,"column":0},"end":{"line":5,"column":13}},"4":{"start":{"line":9,"column":2},"end":{"line":9,"column":null}},"5":{"start":{"line":14,"column":2},"end":{"line":14,"column":null}},"6":{"start":{"line":18,"column":2},"end":{"line":18,"column":null}},"7":{"start":{"line":21,"column":0},"end":{"line":21,"column":13}},"8":{"start":{"line":26,"column":2},"end":{"line":26,"column":null}},"9":{"start":{"line":25,"column":14},"end":{"line":25,"column":28}},"10":{"start":{"line":32,"column":2},"end":{"line":32,"column":null}},"11":{"start":{"line":31,"column":14},"end":{"line":31,"column":28}},"12":{"start":{"line":38,"column":2},"end":{"line":38,"column":null}},"13":{"start":{"line":37,"column":14},"end":{"line":37,"column":28}},"14":{"start":{"line":44,"column":2},"end":{"line":44,"column":null}},"15":{"start":{"line":43,"column":14},"end":{"line":43,"column":28}},"16":{"start":{"line":50,"column":2},"end":{"line":50,"column":null}},"17":{"start":{"line":49,"column":14},"end":{"line":49,"column":28}},"18":{"start":{"line":56,"column":2},"end":{"line":56,"column":null}},"19":{"start":{"line":55,"column":14},"end":{"line":55,"column":28}},"20":{"start":{"line":62,"column":2},"end":{"line":62,"column":null}},"21":{"start":{"line":61,"column":14},"end":{"line":61,"column":28}}},"fnMap":{"0":{"name":"(anonymous_2)","decl":{"start":{"line":25,"column":8},"end":{"line":25,"column":11}},"loc":{"start":{"line":25,"column":14},"end":{"line":25,"column":28}}},"1":{"name":"(anonymous_3)","decl":{"start":{"line":31,"column":8},"end":{"line":31,"column":11}},"loc":{"start":{"line":31,"column":14},"end":{"line":31,"column":28}}},"2":{"name":"(anonymous_4)","decl":{"start":{"line":37,"column":8},"end":{"line":37,"column":11}},"loc":{"start":{"line":37,"column":14},"end":{"line":37,"column":28}}},"3":{"name":"(anonymous_5)","decl":{"start":{"line":43,"column":8},"end":{"line":43,"column":11}},"loc":{"start":{"line":43,"column":14},"end":{"line":43,"column":28}}},"4":{"name":"(anonymous_6)","decl":{"start":{"line":49,"column":8},"end":{"line":49,"column":11}},"loc":{"start":{"line":49,"column":14},"end":{"line":49,"column":28}}},"5":{"name":"(anonymous_7)","decl":{"start":{"line":55,"column":8},"end":{"line":55,"column":11}},"loc":{"start":{"line":55,"column":14},"end":{"line":55,"column":28}}},"6":{"name":"(anonymous_8)","decl":{"start":{"line":61,"column":8},"end":{"line":61,"column":11}},"loc":{"start":{"line":61,"column":14},"end":{"line":61,"column":28}}}},"branchMap":{},"s":{"0":0,"1":0,"2":0,"3":0,"4":0,"5":0,"6":0,"7":0,"8":0,"9":0,"10":0,"11":0,"12":0,"13":0,"14":0,"15":0,"16":0,"17":0,"18":0,"19":0,"20":0,"21":0},"f":{"0":0,"1":0,"2":0,"3":0,"4":0,"5":0,"6":0},"b":{}}
,"/Users/pauloisaque/programacao/zaptend/apps/api/src/modules/whatsapp-config/dto/create-whatsapp-config.dto.ts": {"path":"/Users/pauloisaque/programacao/zaptend/apps/api/src/modules/whatsapp-config/dto/create-whatsapp-config.dto.ts","statementMap":{"0":{"start":{"line":1,"column":0},"end":{"line":1,"column":null}},"1":{"start":{"line":10,"column":0},"end":{"line":10,"column":66}},"2":{"start":{"line":11,"column":0},"end":{"line":11,"column":40}},"3":{"start":{"line":12,"column":0},"end":{"line":12,"column":55}},"4":{"start":{"line":14,"column":0},"end":{"line":14,"column":13}},"5":{"start":{"line":21,"column":2},"end":{"line":21,"column":null}},"6":{"start":{"line":29,"column":2},"end":{"line":29,"column":null}},"7":{"start":{"line":37,"column":2},"end":{"line":37,"column":null}},"8":{"start":{"line":46,"column":2},"end":{"line":46,"column":null}},"9":{"start":{"line":55,"column":2},"end":{"line":55,"column":null}},"10":{"start":{"line":64,"column":2},"end":{"line":64,"column":null}},"11":{"start":{"line":73,"column":2},"end":{"line":73,"column":null}},"12":{"start":{"line":81,"column":2},"end":{"line":81,"column":null}},"13":{"start":{"line":90,"column":2},"end":{"line":90,"column":null}},"14":{"start":{"line":89,"column":14},"end":{"line":89,"column":30}},"15":{"start":{"line":95,"column":2},"end":{"line":95,"column":null}},"16":{"start":{"line":104,"column":2},"end":{"line":104,"column":null}},"17":{"start":{"line":109,"column":2},"end":{"line":109,"column":null}}},"fnMap":{"0":{"name":"(anonymous_2)","decl":{"start":{"line":89,"column":8},"end":{"line":89,"column":11}},"loc":{"start":{"line":89,"column":14},"end":{"line":89,"column":30}}}},"branchMap":{},"s":{"0":0,"1":0,"2":0,"3":0,"4":0,"5":0,"6":0,"7":0,"8":0,"9":0,"10":0,"11":0,"12":0,"13":0,"14":0,"15":0,"16":0,"17":0},"f":{"0":0},"b":{}}
,"/Users/pauloisaque/programacao/zaptend/apps/api/src/modules/whatsapp-config/dto/update-whatsapp-config.dto.ts": {"path":"/Users/pauloisaque/programacao/zaptend/apps/api/src/modules/whatsapp-config/dto/update-whatsapp-config.dto.ts","statementMap":{"0":{"start":{"line":1,"column":0},"end":{"line":1,"column":null}},"1":{"start":{"line":9,"column":0},"end":{"line":9,"column":53}},"2":{"start":{"line":10,"column":0},"end":{"line":10,"column":40}},"3":{"start":{"line":11,"column":0},"end":{"line":11,"column":55}},"4":{"start":{"line":13,"column":0},"end":{"line":13,"column":13}},"5":{"start":{"line":21,"column":2},"end":{"line":21,"column":null}},"6":{"start":{"line":30,"column":2},"end":{"line":30,"column":null}},"7":{"start":{"line":39,"column":2},"end":{"line":39,"column":null}},"8":{"start":{"line":48,"column":2},"end":{"line":48,"column":null}},"9":{"start":{"line":53,"column":2},"end":{"line":53,"column":null}},"10":{"start":{"line":62,"column":2},"end":{"line":62,"column":null}},"11":{"start":{"line":61,"column":14},"end":{"line":61,"column":30}},"12":{"start":{"line":67,"column":2},"end":{"line":67,"column":null}},"13":{"start":{"line":72,"column":2},"end":{"line":72,"column":null}},"14":{"start":{"line":80,"column":2},"end":{"line":80,"column":null}},"15":{"start":{"line":85,"column":2},"end":{"line":85,"column":null}}},"fnMap":{"0":{"name":"(anonymous_2)","decl":{"start":{"line":61,"column":8},"end":{"line":61,"column":11}},"loc":{"start":{"line":61,"column":14},"end":{"line":61,"column":30}}}},"branchMap":{},"s":{"0":0,"1":0,"2":0,"3":0,"4":0,"5":0,"6":0,"7":0,"8":0,"9":0,"10":0,"11":0,"12":0,"13":0,"14":0,"15":0},"f":{"0":0},"b":{}}
,"/Users/pauloisaque/programacao/zaptend/apps/api/src/modules/whatsapp-config/dto/whatsapp-config-response.dto.ts": {"path":"/Users/pauloisaque/programacao/zaptend/apps/api/src/modules/whatsapp-config/dto/whatsapp-config-response.dto.ts","statementMap":{"0":{"start":{"line":1,"column":0},"end":{"line":1,"column":66}},"1":{"start":{"line":3,"column":0},"end":{"line":3,"column":13}},"2":{"start":{"line":5,"column":2},"end":{"line":5,"column":null}},"3":{"start":{"line":8,"column":2},"end":{"line":8,"column":null}},"4":{"start":{"line":11,"column":2},"end":{"line":11,"column":null}},"5":{"start":{"line":14,"column":2},"end":{"line":14,"column":null}},"6":{"start":{"line":17,"column":2},"end":{"line":17,"column":null}},"7":{"start":{"line":20,"column":2},"end":{"line":20,"column":null}},"8":{"start":{"line":23,"column":2},"end":{"line":23,"column":null}},"9":{"start":{"line":26,"column":2},"end":{"line":26,"column":null}},"10":{"start":{"line":29,"column":2},"end":{"line":29,"column":null}},"11":{"start":{"line":32,"column":2},"end":{"line":32,"column":null}},"12":{"start":{"line":35,"column":2},"end":{"line":35,"column":null}},"13":{"start":{"line":41,"column":2},"end":{"line":41,"column":null}},"14":{"start":{"line":44,"column":2},"end":{"line":44,"column":null}},"15":{"start":{"line":47,"column":2},"end":{"line":47,"column":null}},"16":{"start":{"line":50,"column":2},"end":{"line":50,"column":null}},"17":{"start":{"line":53,"column":2},"end":{"line":53,"column":null}},"18":{"start":{"line":56,"column":2},"end":{"line":56,"column":null}}},"fnMap":{},"branchMap":{},"s":{"0":0,"1":0,"2":0,"3":0,"4":0,"5":0,"6":0,"7":0,"8":0,"9":0,"10":0,"11":0,"12":0,"13":0,"14":0,"15":0,"16":0,"17":0,"18":0},"f":{},"b":{}}
,"/Users/pauloisaque/programacao/zaptend/apps/api/src/prisma/prisma.module.ts": {"path":"/Users/pauloisaque/programacao/zaptend/apps/api/src/prisma/prisma.module.ts","statementMap":{"0":{"start":{"line":1,"column":0},"end":{"line":1,"column":47}},"1":{"start":{"line":2,"column":0},"end":{"line":2,"column":48}},"2":{"start":{"line":9,"column":7},"end":{"line":9,"column":null}},"3":{"start":{"line":9,"column":13},"end":{"line":9,"column":25}},"4":{"start":{"line":9,"column":13},"end":{"line":9,"column":null}}},"fnMap":{},"branchMap":{},"s":{"0":0,"1":0,"2":0,"3":0,"4":0},"f":{},"b":{}}
,"/Users/pauloisaque/programacao/zaptend/apps/api/src/prisma/prisma.service.ts": {"path":"/Users/pauloisaque/programacao/zaptend/apps/api/src/prisma/prisma.service.ts","statementMap":{"0":{"start":{"line":1,"column":0},"end":{"line":1,"column":82}},"1":{"start":{"line":2,"column":0},"end":{"line":2,"column":48}},"2":{"start":{"line":5,"column":26},"end":{"line":24,"column":null}},"3":{"start":{"line":6,"column":28},"end":{"line":6,"column":58}},"4":{"start":{"line":9,"column":4},"end":{"line":13,"column":null}},"5":{"start":{"line":17,"column":4},"end":{"line":17,"column":null}},"6":{"start":{"line":18,"column":4},"end":{"line":18,"column":null}},"7":{"start":{"line":22,"column":4},"end":{"line":22,"column":null}},"8":{"start":{"line":5,"column":13},"end":{"line":5,"column":26}},"9":{"start":{"line":5,"column":13},"end":{"line":24,"column":null}}},"fnMap":{"0":{"name":"(anonymous_2)","decl":{"start":{"line":8,"column":2},"end":{"line":8,"column":null}},"loc":{"start":{"line":8,"column":2},"end":{"line":14,"column":3}}},"1":{"name":"(anonymous_3)","decl":{"start":{"line":16,"column":2},"end":{"line":16,"column":7}},"loc":{"start":{"line":16,"column":20},"end":{"line":19,"column":3}}},"2":{"name":"(anonymous_4)","decl":{"start":{"line":21,"column":2},"end":{"line":21,"column":7}},"loc":{"start":{"line":21,"column":23},"end":{"line":23,"column":3}}}},"branchMap":{"0":{"loc":{"start":{"line":10,"column":11},"end":{"line":12,"column":27}},"type":"cond-expr","locations":[{"start":{"line":11,"column":10},"end":{"line":11,"column":62}},{"start":{"line":12,"column":10},"end":{"line":12,"column":27}}]}},"s":{"0":1,"1":1,"2":1,"3":0,"4":0,"5":0,"6":0,"7":0,"8":1,"9":1},"f":{"0":0,"1":0,"2":0},"b":{"0":[0,0]}}
}
