TN:
SF:src/app.module.ts
FN:43,(anonymous_1)
FN:20,(anonymous_2)
FNF:2
FNH:0
FNDA:0,(anonymous_1)
FNDA:0,(anonymous_2)
DA:1,0
DA:2,0
DA:3,0
DA:4,0
DA:5,0
DA:6,0
DA:7,0
DA:8,0
DA:9,0
DA:10,0
DA:11,0
DA:12,0
DA:13,0
DA:20,0
DA:42,0
DA:44,0
LF:16
LH:0
BRDA:21,0,0,0
BRDA:21,0,1,0
BRF:2
BRH:0
end_of_record
TN:
SF:src/main.ts
FN:6,bootstrap
FN:11,(anonymous_1)
FNF:2
FNH:0
FNDA:0,bootstrap
FNDA:0,(anonymous_1)
DA:1,0
DA:2,0
DA:3,0
DA:4,0
DA:7,0
DA:8,0
DA:10,0
DA:12,0
DA:13,0
DA:15,0
DA:21,0
DA:30,0
DA:46,0
DA:47,0
DA:49,0
DA:50,0
DA:51,0
DA:52,0
DA:55,0
LF:19
LH:0
BRDA:12,0,0,0
BRDA:12,0,1,0
BRDA:12,1,0,0
BRDA:12,1,1,0
BRDA:12,1,2,0
BRDA:49,2,0,0
BRDA:49,2,1,0
BRF:7
BRH:0
end_of_record
TN:
SF:src/common/context/tenant.context.ts
FN:11,(anonymous_0)
FN:15,(anonymous_1)
FN:19,(anonymous_2)
FN:23,(anonymous_3)
FNF:4
FNH:0
FNDA:0,(anonymous_0)
FNDA:0,(anonymous_1)
FNDA:0,(anonymous_2)
FNDA:0,(anonymous_3)
DA:1,0
DA:8,0
DA:10,0
DA:12,0
DA:16,0
DA:20,0
DA:24,0
DA:25,0
DA:26,0
LF:9
LH:0
BRDA:25,0,0,0
BRF:1
BRH:0
end_of_record
TN:
SF:src/common/decorators/current-user.decorator.ts
FN:5,(anonymous_0)
FNF:1
FNH:0
FNDA:0,(anonymous_0)
DA:1,0
DA:4,0
DA:6,0
DA:7,0
LF:4
LH:0
BRF:0
BRH:0
end_of_record
TN:
SF:src/common/decorators/public.decorator.ts
FN:4,(anonymous_0)
FNF:1
FNH:0
FNDA:0,(anonymous_0)
DA:1,0
DA:3,0
DA:4,0
LF:3
LH:0
BRF:0
BRH:0
end_of_record
TN:
SF:src/common/decorators/roles.decorator.ts
FN:5,(anonymous_0)
FNF:1
FNH:0
FNDA:0,(anonymous_0)
DA:1,0
DA:4,0
DA:5,0
LF:3
LH:0
BRF:0
BRH:0
end_of_record
TN:
SF:src/common/guards/roles.guard.ts
FN:8,(anonymous_2)
FN:10,(anonymous_3)
FNF:2
FNH:0
FNDA:0,(anonymous_2)
FNDA:0,(anonymous_3)
DA:1,0
DA:2,0
DA:3,0
DA:7,0
DA:8,0
DA:11,0
DA:16,0
DA:18,0
DA:19,0
DA:20,0
DA:22,0
LF:11
LH:0
BRDA:16,0,0,0
BRDA:19,1,0,0
BRF:2
BRH:0
end_of_record
TN:
SF:src/common/kms/kms.module.ts
FNF:0
FNH:0
DA:1,0
DA:2,0
DA:3,0
DA:10,0
LF:4
LH:0
BRF:0
BRH:0
end_of_record
TN:
SF:src/common/kms/kms.service.ts
FN:15,(anonymous_2)
FN:22,(anonymous_3)
FN:39,(anonymous_4)
FNF:3
FNH:0
FNDA:0,(anonymous_2)
FNDA:0,(anonymous_3)
FNDA:0,(anonymous_4)
DA:1,1
DA:2,1
DA:3,1
DA:10,1
DA:11,0
DA:15,0
DA:16,0
DA:17,0
DA:23,0
DA:24,0
DA:28,0
DA:29,0
DA:30,0
DA:32,0
DA:34,0
DA:35,0
DA:40,0
DA:41,0
DA:45,0
DA:46,0
DA:47,0
DA:49,0
DA:51,0
DA:52,0
LF:24
LH:4
BRDA:29,0,0,0
BRDA:46,1,0,0
BRF:2
BRH:0
end_of_record
TN:
SF:src/common/middleware/tenant-context.middleware.ts
FN:7,extractTenantIdFromJwt
FN:21,(anonymous_2)
FN:42,(anonymous_3)
FNF:3
FNH:0
FNDA:0,extractTenantIdFromJwt
FNDA:0,(anonymous_2)
FNDA:0,(anonymous_3)
DA:1,0
DA:3,0
DA:5,0
DA:8,0
DA:9,0
DA:10,0
DA:11,0
DA:12,0
DA:13,0
DA:15,0
DA:20,0
DA:22,0
DA:25,0
DA:26,0
DA:27,0
DA:31,0
DA:32,0
DA:33,0
DA:37,0
DA:38,0
DA:39,0
DA:42,0
LF:22
LH:0
BRDA:8,0,0,0
BRDA:11,1,0,0
BRDA:13,2,0,0
BRDA:13,2,1,0
BRDA:26,3,0,0
BRDA:31,4,0,0
BRDA:33,5,0,0
BRDA:38,6,0,0
BRDA:38,7,0,0
BRDA:38,7,1,0
BRF:10
BRH:0
end_of_record
TN:
SF:src/modules/auth/auth.controller.ts
FN:18,(anonymous_4)
FN:30,(anonymous_5)
FN:44,(anonymous_6)
FN:58,(anonymous_7)
FN:71,(anonymous_8)
FNF:5
FNH:0
FNDA:0,(anonymous_4)
FNDA:0,(anonymous_5)
FNDA:0,(anonymous_6)
FNDA:0,(anonymous_7)
FNDA:0,(anonymous_8)
DA:1,0
DA:2,0
DA:8,0
DA:9,0
DA:10,0
DA:11,0
DA:12,0
DA:13,0
DA:17,0
DA:18,0
DA:30,0
DA:31,0
DA:44,0
DA:45,0
DA:58,0
DA:59,0
DA:71,0
DA:72,0
LF:18
LH:0
BRF:0
BRH:0
end_of_record
TN:
SF:src/modules/auth/auth.module.ts
FN:15,(anonymous_1)
FNF:1
FNH:0
FNDA:0,(anonymous_1)
DA:1,0
DA:2,0
DA:3,0
DA:4,0
DA:5,0
DA:6,0
DA:7,0
DA:15,0
DA:25,0
LF:9
LH:0
BRF:0
BRH:0
end_of_record
TN:
SF:src/modules/auth/dto/auth-response.dto.ts
FNF:0
FNH:0
DA:1,0
DA:3,0
DA:5,0
DA:8,0
DA:11,0
DA:14,0
DA:17,0
DA:20,0
DA:23,0
DA:25,0
DA:28,0
DA:31,0
DA:34,0
DA:36,0
LF:14
LH:0
BRF:0
BRH:0
end_of_record
TN:
SF:src/modules/auth/dto/login.dto.ts
FNF:0
FNH:0
DA:1,0
DA:2,0
DA:4,0
DA:8,0
DA:13,0
DA:18,0
LF:6
LH:0
BRF:0
BRH:0
end_of_record
TN:
SF:src/modules/auth/dto/refresh-token.dto.ts
FNF:0
FNH:0
DA:1,0
DA:2,0
DA:4,0
DA:8,0
LF:4
LH:0
BRF:0
BRH:0
end_of_record
TN:
SF:src/modules/auth/dto/register.dto.ts
FNF:0
FNH:0
DA:1,0
DA:2,0
DA:4,0
DA:9,0
DA:16,0
DA:22,0
DA:27,0
DA:33,0
LF:8
LH:0
BRF:0
BRH:0
end_of_record
TN:
SF:src/modules/auth/strategies/jwt.strategy.ts
FN:10,(anonymous_2)
FN:21,(anonymous_3)
FNF:2
FNH:0
FNDA:0,(anonymous_2)
FNDA:0,(anonymous_3)
DA:1,0
DA:2,0
DA:3,0
DA:4,0
DA:6,0
DA:9,0
DA:12,0
DA:14,0
DA:22,0
DA:27,0
DA:28,0
DA:31,0
LF:12
LH:0
BRDA:27,0,0,0
BRF:1
BRH:0
end_of_record
TN:
SF:src/modules/webhook/webhook.controller.ts
FN:36,(anonymous_4)
FN:56,(anonymous_5)
FN:88,(anonymous_6)
FNF:3
FNH:0
FNDA:0,(anonymous_4)
FNDA:0,(anonymous_5)
FNDA:0,(anonymous_6)
DA:1,0
DA:15,0
DA:23,0
DA:26,0
DA:27,0
DA:28,0
DA:29,0
DA:35,0
DA:36,0
DA:56,0
DA:60,0
DA:88,0
DA:94,0
DA:95,0
DA:96,0
LF:15
LH:0
BRDA:94,0,0,0
BRDA:94,0,1,0
BRF:2
BRH:0
end_of_record
TN:
SF:src/modules/webhook/webhook.module.ts
FNF:0
FNH:0
DA:1,0
DA:2,0
DA:3,0
DA:4,0
DA:5,0
DA:16,0
LF:6
LH:0
BRF:0
BRH:0
end_of_record
TN:
SF:src/modules/webhook/webhook.service.ts
FN:19,(anonymous_4)
FN:28,(anonymous_5)
FN:57,(anonymous_6)
FN:83,(anonymous_7)
FN:99,(anonymous_8)
FN:118,(anonymous_9)
FN:122,(anonymous_10)
FNF:7
FNH:0
FNDA:0,(anonymous_4)
FNDA:0,(anonymous_5)
FNDA:0,(anonymous_6)
FNDA:0,(anonymous_7)
FNDA:0,(anonymous_8)
FNDA:0,(anonymous_9)
FNDA:0,(anonymous_10)
DA:1,0
DA:7,0
DA:8,0
DA:9,0
DA:10,0
DA:13,0
DA:16,0
DA:17,0
DA:20,0
DA:21,0
DA:29,0
DA:30,0
DA:33,0
DA:34,0
DA:35,0
DA:36,0
DA:39,0
DA:44,0
DA:45,0
DA:48,0
DA:49,0
DA:63,0
DA:64,0
DA:67,0
DA:71,0
DA:72,0
DA:75,0
DA:76,0
DA:84,0
DA:86,0
DA:87,0
DA:88,0
DA:90,0
DA:91,0
DA:93,0
DA:94,0
DA:100,0
DA:102,0
DA:103,0
DA:114,0
DA:119,0
DA:121,0
DA:122,0
DA:127,0
DA:138,0
LF:45
LH:0
BRDA:29,0,0,0
BRDA:34,1,0,0
BRDA:48,2,0,0
BRDA:48,3,0,0
BRDA:48,3,1,0
BRDA:63,4,0,0
BRDA:71,5,0,0
BRDA:84,6,0,0
BRDA:84,6,1,0
BRDA:87,7,0,0
BRDA:87,7,1,0
BRDA:88,8,0,0
BRDA:91,9,0,0
BRDA:100,10,0,0
BRDA:119,11,0,0
BRDA:122,12,0,0
BRDA:122,12,1,0
BRF:17
BRH:0
end_of_record
TN:
SF:src/modules/webhook/dto/meta-webhook.dto.ts
FNF:0
FNH:0
DA:1,0
DA:2,0
DA:129,0
DA:133,0
DA:138,0
LF:5
LH:0
BRF:0
BRH:0
end_of_record
TN:
SF:src/modules/webhook/dto/verify-webhook.dto.ts
FNF:0
FNH:0
DA:1,0
DA:2,0
DA:11,0
DA:15,0
DA:20,0
DA:25,0
LF:6
LH:0
BRF:0
BRH:0
end_of_record
TN:
SF:src/modules/whatsapp/whatsapp.module.ts
FNF:0
FNH:0
DA:1,0
DA:2,0
DA:3,0
DA:4,0
DA:11,0
LF:5
LH:0
BRF:0
BRH:0
end_of_record
TN:
SF:src/modules/whatsapp/whatsapp.service.ts
FN:28,(anonymous_2)
FN:35,(anonymous_3)
FN:60,(anonymous_4)
FN:98,(anonymous_5)
FN:107,(anonymous_6)
FN:133,(anonymous_7)
FN:163,(anonymous_8)
FN:177,(anonymous_9)
FN:209,(anonymous_10)
FN:230,(anonymous_11)
FN:269,(anonymous_12)
FN:311,(anonymous_13)
FNF:12
FNH:12
FNDA:33,(anonymous_2)
FNDA:16,(anonymous_3)
FNDA:7,(anonymous_4)
FNDA:7,(anonymous_5)
FNDA:4,(anonymous_6)
FNDA:3,(anonymous_7)
FNDA:29,(anonymous_8)
FNDA:23,(anonymous_9)
FNDA:25,(anonymous_10)
FNDA:28,(anonymous_11)
FNDA:24,(anonymous_12)
FNDA:5,(anonymous_13)
DA:1,1
DA:9,1
DA:10,1
DA:12,1
DA:25,1
DA:26,33
DA:29,33
DA:30,33
DA:36,16
DA:38,14
DA:40,13
DA:48,13
DA:49,10
DA:51,9
DA:67,7
DA:69,5
DA:71,5
DA:72,5
DA:73,2
DA:76,5
DA:84,5
DA:85,5
DA:87,5
DA:104,7
DA:106,7
DA:107,4
DA:110,7
DA:121,7
DA:122,7
DA:124,7
DA:139,3
DA:141,3
DA:149,3
DA:150,3
DA:152,3
DA:164,29
DA:168,29
DA:169,1
DA:173,28
DA:174,28
DA:178,23
DA:183,23
DA:184,1
DA:189,22
DA:191,22
DA:202,22
DA:203,3
DA:210,25
DA:214,25
DA:215,0
DA:218,25
DA:223,25
DA:224,1
DA:227,24
DA:235,28
DA:238,28
DA:239,28
DA:248,1
DA:249,1
DA:252,27
DA:254,27
DA:255,1
DA:256,1
DA:257,1
DA:260,26
DA:261,26
DA:262,1
DA:265,25
DA:266,25
DA:280,24
DA:282,24
DA:305,24
DA:308,24
DA:314,5
DA:315,5
LF:75
LH:74
BRDA:12,0,0,1
BRDA:12,0,1,1
BRDA:72,1,0,2
BRDA:72,2,0,5
BRDA:72,2,1,2
BRDA:106,3,0,3
BRDA:106,3,1,4
BRDA:168,4,0,1
BRDA:183,5,0,1
BRDA:202,6,0,3
BRDA:214,7,0,0
BRDA:223,8,0,1
BRDA:254,9,0,1
BRDA:254,10,0,27
BRDA:254,10,1,26
BRDA:255,11,0,1
BRDA:255,11,1,0
BRDA:261,12,0,1
BRDA:290,13,0,24
BRDA:290,13,1,13
BRDA:291,14,0,24
BRDA:291,14,1,19
BRDA:292,15,0,24
BRDA:292,15,1,19
BRDA:293,16,0,24
BRDA:293,16,1,17
BRDA:294,17,0,24
BRDA:294,17,1,21
BRDA:315,18,0,4
BRDA:315,18,1,1
BRF:30
BRH:28
end_of_record
TN:
SF:src/modules/whatsapp-config/whatsapp-config.controller.ts
FN:32,(anonymous_4)
FN:43,(anonymous_5)
FN:55,(anonymous_6)
FN:75,(anonymous_7)
FN:96,(anonymous_8)
FN:116,(anonymous_9)
FNF:6
FNH:0
FNDA:0,(anonymous_4)
FNDA:0,(anonymous_5)
FNDA:0,(anonymous_6)
FNDA:0,(anonymous_7)
FNDA:0,(anonymous_8)
FNDA:0,(anonymous_9)
DA:1,0
DA:12,0
DA:20,0
DA:21,0
DA:22,0
DA:23,0
DA:24,0
DA:25,0
DA:31,0
DA:32,0
DA:43,0
DA:44,0
DA:55,0
DA:59,0
DA:75,0
DA:79,0
DA:96,0
DA:101,0
DA:116,0
DA:120,0
LF:20
LH:0
BRF:0
BRH:0
end_of_record
TN:
SF:src/modules/whatsapp-config/whatsapp-config.module.ts
FNF:0
FNH:0
DA:1,0
DA:2,0
DA:3,0
DA:4,0
DA:5,0
DA:13,0
LF:6
LH:0
BRF:0
BRH:0
end_of_record
TN:
SF:src/modules/whatsapp-config/whatsapp-config.service.ts
FN:18,(anonymous_2)
FN:23,(anonymous_3)
FN:31,(anonymous_4)
FN:41,(anonymous_5)
FN:78,(anonymous_6)
FN:111,(anonymous_7)
FN:119,(anonymous_8)
FN:129,(anonymous_9)
FNF:8
FNH:0
FNDA:0,(anonymous_2)
FNDA:0,(anonymous_3)
FNDA:0,(anonymous_4)
FNDA:0,(anonymous_5)
FNDA:0,(anonymous_6)
FNDA:0,(anonymous_7)
FNDA:0,(anonymous_8)
FNDA:0,(anonymous_9)
DA:1,0
DA:7,0
DA:8,0
DA:9,0
DA:15,0
DA:16,0
DA:19,0
DA:20,0
DA:24,0
DA:28,0
DA:32,0
DA:35,0
DA:36,0
DA:38,0
DA:45,0
DA:48,0
DA:49,0
DA:52,0
DA:53,0
DA:55,0
DA:74,0
DA:75,0
DA:83,0
DA:85,0
DA:87,0
DA:88,0
DA:89,0
DA:90,0
DA:91,0
DA:92,0
DA:93,0
DA:94,0
DA:95,0
DA:97,0
DA:98,0
DA:99,0
DA:102,0
DA:107,0
DA:108,0
DA:112,0
DA:114,0
DA:115,0
DA:120,0
DA:123,0
DA:124,0
DA:126,0
DA:148,0
LF:47
LH:0
BRDA:35,0,0,0
BRDA:48,1,0,0
BRDA:64,2,0,0
BRDA:64,2,1,0
BRDA:65,3,0,0
BRDA:65,3,1,0
BRDA:66,4,0,0
BRDA:66,4,1,0
BRDA:67,5,0,0
BRDA:67,5,1,0
BRDA:68,6,0,0
BRDA:68,6,1,0
BRDA:69,7,0,0
BRDA:69,7,1,0
BRDA:70,8,0,0
BRDA:70,8,1,0
BRDA:87,9,0,0
BRDA:88,10,0,0
BRDA:89,11,0,0
BRDA:90,12,0,0
BRDA:91,13,0,0
BRDA:92,14,0,0
BRDA:93,15,0,0
BRDA:94,16,0,0
BRDA:95,17,0,0
BRDA:97,18,0,0
BRDA:123,19,0,0
BRF:27
BRH:0
end_of_record
TN:
SF:src/modules/whatsapp-config/dto/business-hours.dto.ts
FN:25,(anonymous_2)
FN:31,(anonymous_3)
FN:37,(anonymous_4)
FN:43,(anonymous_5)
FN:49,(anonymous_6)
FN:55,(anonymous_7)
FN:61,(anonymous_8)
FNF:7
FNH:0
FNDA:0,(anonymous_2)
FNDA:0,(anonymous_3)
FNDA:0,(anonymous_4)
FNDA:0,(anonymous_5)
FNDA:0,(anonymous_6)
FNDA:0,(anonymous_7)
FNDA:0,(anonymous_8)
DA:1,0
DA:2,0
DA:3,0
DA:5,0
DA:9,0
DA:14,0
DA:18,0
DA:21,0
DA:25,0
DA:26,0
DA:31,0
DA:32,0
DA:37,0
DA:38,0
DA:43,0
DA:44,0
DA:49,0
DA:50,0
DA:55,0
DA:56,0
DA:61,0
DA:62,0
LF:22
LH:0
BRF:0
BRH:0
end_of_record
TN:
SF:src/modules/whatsapp-config/dto/create-whatsapp-config.dto.ts
FN:89,(anonymous_2)
FNF:1
FNH:0
FNDA:0,(anonymous_2)
DA:1,0
DA:10,0
DA:11,0
DA:12,0
DA:14,0
DA:21,0
DA:29,0
DA:37,0
DA:46,0
DA:55,0
DA:64,0
DA:73,0
DA:81,0
DA:89,0
DA:90,0
DA:95,0
DA:104,0
DA:109,0
LF:18
LH:0
BRF:0
BRH:0
end_of_record
TN:
SF:src/modules/whatsapp-config/dto/update-whatsapp-config.dto.ts
FN:61,(anonymous_2)
FNF:1
FNH:0
FNDA:0,(anonymous_2)
DA:1,0
DA:9,0
DA:10,0
DA:11,0
DA:13,0
DA:21,0
DA:30,0
DA:39,0
DA:48,0
DA:53,0
DA:61,0
DA:62,0
DA:67,0
DA:72,0
DA:80,0
DA:85,0
LF:16
LH:0
BRF:0
BRH:0
end_of_record
TN:
SF:src/modules/whatsapp-config/dto/whatsapp-config-response.dto.ts
FNF:0
FNH:0
DA:1,0
DA:3,0
DA:5,0
DA:8,0
DA:11,0
DA:14,0
DA:17,0
DA:20,0
DA:23,0
DA:26,0
DA:29,0
DA:32,0
DA:35,0
DA:41,0
DA:44,0
DA:47,0
DA:50,0
DA:53,0
DA:56,0
LF:19
LH:0
BRF:0
BRH:0
end_of_record
TN:
SF:src/prisma/prisma.module.ts
FNF:0
FNH:0
DA:1,0
DA:2,0
DA:9,0
LF:3
LH:0
BRF:0
BRH:0
end_of_record
TN:
SF:src/prisma/prisma.service.ts
FN:8,(anonymous_2)
FN:16,(anonymous_3)
FN:21,(anonymous_4)
FNF:3
FNH:0
FNDA:0,(anonymous_2)
FNDA:0,(anonymous_3)
FNDA:0,(anonymous_4)
DA:1,1
DA:2,1
DA:5,1
DA:6,0
DA:9,0
DA:17,0
DA:18,0
DA:22,0
LF:8
LH:3
BRDA:10,0,0,0
BRDA:10,0,1,0
BRF:2
BRH:0
end_of_record
